{"/home/gabrielsc/projects/random-db-populator/src/core/data/data-row-column.ts": {"path":"/home/gabrielsc/projects/random-db-populator/src/core/data/data-row-column.ts","statementMap":{"0":{"start":{"line":2,"column":0},"end":{"line":2,"column":49}},"1":{"start":{"line":6,"column":0},"end":{"line":6,"column":13}},"2":{"start":{"line":10,"column":29},"end":{"line":10,"column":46}},"3":{"start":{"line":10,"column":56},"end":{"line":10,"column":71}},"4":{"start":{"line":10,"column":80},"end":{"line":10,"column":93}},"5":{"start":{"line":11,"column":4},"end":{"line":11,"column":28}},"6":{"start":{"line":14,"column":9},"end":{"line":16,"column":null}},"7":{"start":{"line":15,"column":4},"end":{"line":15,"column":32}},"8":{"start":{"line":18,"column":9},"end":{"line":26,"column":null}},"9":{"start":{"line":19,"column":4},"end":{"line":19,"column":29}},"10":{"start":{"line":20,"column":4},"end":{"line":25,"column":null}},"11":{"start":{"line":21,"column":6},"end":{"line":21,"column":60}},"12":{"start":{"line":23,"column":28},"end":{"line":23,"column":72}},"13":{"start":{"line":24,"column":6},"end":{"line":24,"column":null}},"14":{"start":{"line":28,"column":9},"end":{"line":30,"column":null}},"15":{"start":{"line":29,"column":4},"end":{"line":29,"column":28}},"16":{"start":{"line":32,"column":9},"end":{"line":37,"column":null}},"17":{"start":{"line":32,"column":2},"end":{"line":32,"column":9}},"18":{"start":{"line":33,"column":27},"end":{"line":35,"column":6}},"19":{"start":{"line":34,"column":6},"end":{"line":34,"column":46}},"20":{"start":{"line":36,"column":4},"end":{"line":36,"column":19}},"21":{"start":{"line":40,"column":0},"end":{"line":40,"column":null}},"22":{"start":{"line":6,"column":13},"end":{"line":6,"column":26}}},"fnMap":{"0":{"name":"(anonymous_0)","decl":{"start":{"line":6,"column":0},"end":{"line":6,"column":13}},"loc":{"start":{"line":6,"column":0},"end":{"line":40,"column":null}}},"1":{"name":"DataRowColumn","decl":{"start":{"line":10,"column":2},"end":{"line":10,"column":29}},"loc":{"start":{"line":10,"column":93},"end":{"line":12,"column":3}}},"2":{"name":"(anonymous_2)","decl":{"start":{"line":14,"column":2},"end":{"line":14,"column":9}},"loc":{"start":{"line":14,"column":2},"end":{"line":16,"column":3}}},"3":{"name":"(anonymous_3)","decl":{"start":{"line":18,"column":2},"end":{"line":18,"column":9}},"loc":{"start":{"line":18,"column":31},"end":{"line":26,"column":3}}},"4":{"name":"(anonymous_4)","decl":{"start":{"line":28,"column":2},"end":{"line":28,"column":9}},"loc":{"start":{"line":28,"column":2},"end":{"line":30,"column":3}}},"5":{"name":"(anonymous_5)","decl":{"start":{"line":32,"column":2},"end":{"line":32,"column":9}},"loc":{"start":{"line":32,"column":2},"end":{"line":37,"column":3}}},"6":{"name":"(anonymous_6)","decl":{"start":{"line":33,"column":72},"end":{"line":33,"column":73}},"loc":{"start":{"line":33,"column":88},"end":{"line":35,"column":5}}}},"branchMap":{},"s":{"0":2,"1":2,"2":12,"3":12,"4":12,"5":12,"6":2,"7":0,"8":2,"9":12,"10":12,"11":12,"12":0,"13":0,"14":2,"15":0,"16":2,"17":24,"18":24,"19":44,"20":24,"21":2,"22":2},"f":{"0":2,"1":12,"2":0,"3":12,"4":0,"5":24,"6":44},"b":{}}
,"/home/gabrielsc/projects/random-db-populator/src/core/data/data-row-parsed.ts": {"path":"/home/gabrielsc/projects/random-db-populator/src/core/data/data-row-parsed.ts","statementMap":{"0":{"start":{"line":3,"column":0},"end":{"line":3,"column":40}},"1":{"start":{"line":9,"column":0},"end":{"line":9,"column":13}},"2":{"start":{"line":17,"column":2},"end":{"line":17,"column":28}},"3":{"start":{"line":17,"column":28},"end":{"line":17,"column":49}},"4":{"start":{"line":17,"column":58},"end":{"line":17,"column":75}},"5":{"start":{"line":13,"column":9},"end":{"line":13,"column":59}},"6":{"start":{"line":14,"column":9},"end":{"line":14,"column":59}},"7":{"start":{"line":19,"column":4},"end":{"line":19,"column":50}},"8":{"start":{"line":20,"column":4},"end":{"line":20,"column":70}},"9":{"start":{"line":22,"column":4},"end":{"line":32,"column":7}},"10":{"start":{"line":24,"column":39},"end":{"line":24,"column":76}},"11":{"start":{"line":25,"column":34},"end":{"line":25,"column":52}},"12":{"start":{"line":27,"column":6},"end":{"line":27,"column":53}},"13":{"start":{"line":29,"column":6},"end":{"line":31,"column":null}},"14":{"start":{"line":30,"column":8},"end":{"line":30,"column":55}},"15":{"start":{"line":34,"column":0},"end":{"line":34,"column":null}},"16":{"start":{"line":9,"column":13},"end":{"line":9,"column":26}}},"fnMap":{"0":{"name":"(anonymous_0)","decl":{"start":{"line":9,"column":0},"end":{"line":9,"column":13}},"loc":{"start":{"line":9,"column":0},"end":{"line":34,"column":null}}},"1":{"name":"DataRowParsed","decl":{"start":{"line":17,"column":2},"end":{"line":17,"column":28}},"loc":{"start":{"line":17,"column":75},"end":{"line":33,"column":3}}},"2":{"name":"(anonymous_2)","decl":{"start":{"line":22,"column":30},"end":{"line":22,"column":31}},"loc":{"start":{"line":22,"column":75},"end":{"line":32,"column":5}}}},"branchMap":{"0":{"loc":{"start":{"line":29,"column":6},"end":{"line":31,"column":null}},"type":"if","locations":[{"start":{"line":29,"column":6},"end":{"line":31,"column":null}},{"start":{"line":29,"column":6},"end":{"line":31,"column":null}}]}},"s":{"0":2,"1":2,"2":4,"3":4,"4":4,"5":4,"6":4,"7":4,"8":4,"9":4,"10":24,"11":24,"12":24,"13":24,"14":8,"15":2,"16":2},"f":{"0":2,"1":4,"2":24},"b":{"0":[8,16]}}
,"/home/gabrielsc/projects/random-db-populator/src/core/data/data-row.ts": {"path":"/home/gabrielsc/projects/random-db-populator/src/core/data/data-row.ts","statementMap":{"0":{"start":{"line":3,"column":0},"end":{"line":3,"column":40}},"1":{"start":{"line":5,"column":0},"end":{"line":5,"column":50}},"2":{"start":{"line":8,"column":0},"end":{"line":8,"column":13}},"3":{"start":{"line":17,"column":11},"end":{"line":17,"column":null}},"4":{"start":{"line":18,"column":11},"end":{"line":18,"column":null}},"5":{"start":{"line":15,"column":11},"end":{"line":15,"column":37}},"6":{"start":{"line":16,"column":11},"end":{"line":16,"column":24}},"7":{"start":{"line":17,"column":11},"end":{"line":17,"column":33}},"8":{"start":{"line":18,"column":11},"end":{"line":18,"column":33}},"9":{"start":{"line":12,"column":9},"end":{"line":12,"column":42}},"10":{"start":{"line":20,"column":4},"end":{"line":20,"column":33}},"11":{"start":{"line":21,"column":4},"end":{"line":21,"column":46}},"12":{"start":{"line":22,"column":4},"end":{"line":22,"column":24}},"13":{"start":{"line":25,"column":9},"end":{"line":28,"column":null}},"14":{"start":{"line":26,"column":23},"end":{"line":26,"column":76}},"15":{"start":{"line":27,"column":4},"end":{"line":27,"column":51}},"16":{"start":{"line":30,"column":9},"end":{"line":32,"column":null}},"17":{"start":{"line":31,"column":4},"end":{"line":31,"column":51}},"18":{"start":{"line":34,"column":9},"end":{"line":36,"column":null}},"19":{"start":{"line":35,"column":4},"end":{"line":35,"column":null}},"20":{"start":{"line":38,"column":9},"end":{"line":48,"column":null}},"21":{"start":{"line":38,"column":2},"end":{"line":38,"column":9}},"22":{"start":{"line":39,"column":16},"end":{"line":39,"column":28}},"23":{"start":{"line":40,"column":4},"end":{"line":45,"column":7}},"24":{"start":{"line":41,"column":57},"end":{"line":41,"column":107}},"25":{"start":{"line":42,"column":44},"end":{"line":42,"column":90}},"26":{"start":{"line":44,"column":6},"end":{"line":44,"column":44}},"27":{"start":{"line":47,"column":4},"end":{"line":47,"column":99}},"28":{"start":{"line":50,"column":12},"end":{"line":69,"column":null}},"29":{"start":{"line":50,"column":2},"end":{"line":50,"column":12}},"30":{"start":{"line":51,"column":4},"end":{"line":68,"column":7}},"31":{"start":{"line":53,"column":18},"end":{"line":53,"column":22}},"32":{"start":{"line":55,"column":6},"end":{"line":64,"column":null}},"33":{"start":{"line":56,"column":28},"end":{"line":56,"column":55}},"34":{"start":{"line":57,"column":8},"end":{"line":57,"column":28}},"35":{"start":{"line":59,"column":8},"end":{"line":63,"column":null}},"36":{"start":{"line":60,"column":10},"end":{"line":60,"column":36}},"37":{"start":{"line":62,"column":10},"end":{"line":62,"column":128}},"38":{"start":{"line":66,"column":41},"end":{"line":66,"column":79}},"39":{"start":{"line":67,"column":6},"end":{"line":67,"column":70}},"40":{"start":{"line":71,"column":0},"end":{"line":71,"column":null}},"41":{"start":{"line":8,"column":13},"end":{"line":8,"column":20}}},"fnMap":{"0":{"name":"(anonymous_0)","decl":{"start":{"line":8,"column":0},"end":{"line":8,"column":13}},"loc":{"start":{"line":8,"column":0},"end":{"line":71,"column":null}}},"1":{"name":"DataRow","decl":{"start":{"line":14,"column":2},"end":{"line":14,"column":null}},"loc":{"start":{"line":18,"column":33},"end":{"line":23,"column":3}}},"2":{"name":"(anonymous_2)","decl":{"start":{"line":25,"column":2},"end":{"line":25,"column":9}},"loc":{"start":{"line":25,"column":41},"end":{"line":28,"column":3}}},"3":{"name":"(anonymous_3)","decl":{"start":{"line":30,"column":2},"end":{"line":30,"column":9}},"loc":{"start":{"line":30,"column":39},"end":{"line":32,"column":3}}},"4":{"name":"(anonymous_4)","decl":{"start":{"line":34,"column":2},"end":{"line":34,"column":9}},"loc":{"start":{"line":34,"column":57},"end":{"line":36,"column":3}}},"5":{"name":"(anonymous_5)","decl":{"start":{"line":38,"column":2},"end":{"line":38,"column":9}},"loc":{"start":{"line":38,"column":2},"end":{"line":48,"column":3}}},"6":{"name":"(anonymous_6)","decl":{"start":{"line":40,"column":32},"end":{"line":40,"column":33}},"loc":{"start":{"line":40,"column":48},"end":{"line":45,"column":5}}},"7":{"name":"(anonymous_7)","decl":{"start":{"line":50,"column":2},"end":{"line":50,"column":12}},"loc":{"start":{"line":50,"column":2},"end":{"line":69,"column":3}}},"8":{"name":"(anonymous_8)","decl":{"start":{"line":51,"column":43},"end":{"line":51,"column":44}},"loc":{"start":{"line":51,"column":59},"end":{"line":68,"column":5}}}},"branchMap":{"0":{"loc":{"start":{"line":17,"column":11},"end":{"line":17,"column":null}},"type":"if","locations":[{"start":{"line":17,"column":11},"end":{"line":17,"column":null}},{"start":{"line":17,"column":11},"end":{"line":17,"column":null}}]},"1":{"loc":{"start":{"line":18,"column":11},"end":{"line":18,"column":null}},"type":"if","locations":[{"start":{"line":18,"column":11},"end":{"line":18,"column":null}},{"start":{"line":18,"column":11},"end":{"line":18,"column":null}}]},"2":{"loc":{"start":{"line":55,"column":6},"end":{"line":64,"column":null}},"type":"if","locations":[{"start":{"line":55,"column":6},"end":{"line":64,"column":null}},{"start":{"line":55,"column":6},"end":{"line":64,"column":null}}]},"3":{"loc":{"start":{"line":55,"column":11},"end":{"line":55,"column":25}},"type":"binary-expr","locations":[{"start":{"line":55,"column":11},"end":{"line":55,"column":25}},{"start":{"line":55,"column":29},"end":{"line":55,"column":31}}]}},"s":{"0":2,"1":2,"2":2,"3":2,"4":2,"5":2,"6":2,"7":2,"8":2,"9":2,"10":2,"11":2,"12":2,"13":2,"14":0,"15":0,"16":2,"17":0,"18":2,"19":0,"20":2,"21":0,"22":0,"23":0,"24":0,"25":0,"26":0,"27":0,"28":2,"29":2,"30":2,"31":12,"32":12,"33":0,"34":0,"35":12,"36":12,"37":0,"38":12,"39":12,"40":2,"41":2},"f":{"0":2,"1":2,"2":0,"3":0,"4":0,"5":0,"6":0,"7":2,"8":12},"b":{"0":[0,2],"1":[0,2],"2":[0,12],"3":[12,0]}}
,"/home/gabrielsc/projects/random-db-populator/src/core/database/column.ts": {"path":"/home/gabrielsc/projects/random-db-populator/src/core/database/column.ts","statementMap":{"0":{"start":{"line":3,"column":0},"end":{"line":3,"column":13}},"1":{"start":{"line":12,"column":4},"end":{"line":12,"column":23}},"2":{"start":{"line":13,"column":4},"end":{"line":13,"column":21}},"3":{"start":{"line":14,"column":4},"end":{"line":14,"column":25}},"4":{"start":{"line":15,"column":4},"end":{"line":15,"column":29}},"5":{"start":{"line":18,"column":0},"end":{"line":18,"column":null}},"6":{"start":{"line":3,"column":13},"end":{"line":3,"column":19}}},"fnMap":{"0":{"name":"(anonymous_0)","decl":{"start":{"line":3,"column":0},"end":{"line":3,"column":13}},"loc":{"start":{"line":3,"column":0},"end":{"line":18,"column":null}}},"1":{"name":"Column","decl":{"start":{"line":11,"column":2},"end":{"line":11,"column":21}},"loc":{"start":{"line":11,"column":92},"end":{"line":16,"column":3}}}},"branchMap":{},"s":{"0":2,"1":12,"2":12,"3":12,"4":12,"5":2,"6":2},"f":{"0":2,"1":12},"b":{}}
,"/home/gabrielsc/projects/random-db-populator/src/core/database/database.ts": {"path":"/home/gabrielsc/projects/random-db-populator/src/core/database/database.ts","statementMap":{"0":{"start":{"line":2,"column":0},"end":{"line":2,"column":32}},"1":{"start":{"line":3,"column":0},"end":{"line":3,"column":40}},"2":{"start":{"line":4,"column":0},"end":{"line":4,"column":45}},"3":{"start":{"line":5,"column":0},"end":{"line":5,"column":63}},"4":{"start":{"line":7,"column":0},"end":{"line":7,"column":23}},"5":{"start":{"line":8,"column":0},"end":{"line":8,"column":56}},"6":{"start":{"line":9,"column":0},"end":{"line":9,"column":56}},"7":{"start":{"line":11,"column":0},"end":{"line":11,"column":22}},"8":{"start":{"line":19,"column":28},"end":{"line":19,"column":65}},"9":{"start":{"line":20,"column":4},"end":{"line":20,"column":41}},"10":{"start":{"line":21,"column":4},"end":{"line":21,"column":43}},"11":{"start":{"line":22,"column":4},"end":{"line":22,"column":23}},"12":{"start":{"line":23,"column":4},"end":{"line":23,"column":61}},"13":{"start":{"line":26,"column":9},"end":{"line":29,"column":null}},"14":{"start":{"line":27,"column":4},"end":{"line":27,"column":42}},"15":{"start":{"line":28,"column":4},"end":{"line":28,"column":16}},"16":{"start":{"line":31,"column":9},"end":{"line":34,"column":null}},"17":{"start":{"line":32,"column":41},"end":{"line":32,"column":97}},"18":{"start":{"line":33,"column":4},"end":{"line":33,"column":51}},"19":{"start":{"line":36,"column":9},"end":{"line":40,"column":null}},"20":{"start":{"line":37,"column":18},"end":{"line":37,"column":44}},"21":{"start":{"line":38,"column":4},"end":{"line":38,"column":63}},"22":{"start":{"line":39,"column":4},"end":{"line":39,"column":17}},"23":{"start":{"line":42,"column":9},"end":{"line":45,"column":null}},"24":{"start":{"line":43,"column":39},"end":{"line":43,"column":93}},"25":{"start":{"line":44,"column":4},"end":{"line":44,"column":50}},"26":{"start":{"line":47,"column":9},"end":{"line":58,"column":null}},"27":{"start":{"line":49,"column":28},"end":{"line":49,"column":32}},"28":{"start":{"line":50,"column":4},"end":{"line":55,"column":7}},"29":{"start":{"line":52,"column":6},"end":{"line":54,"column":null}},"30":{"start":{"line":53,"column":8},"end":{"line":53,"column":26}},"31":{"start":{"line":57,"column":4},"end":{"line":57,"column":39}},"32":{"start":{"line":60,"column":9},"end":{"line":64,"column":null}},"33":{"start":{"line":60,"column":35},"end":{"line":60,"column":59}},"34":{"start":{"line":60,"column":59},"end":{"line":60,"column":null}},"35":{"start":{"line":61,"column":30},"end":{"line":62,"column":72}},"36":{"start":{"line":63,"column":4},"end":{"line":63,"column":19}},"37":{"start":{"line":66,"column":9},"end":{"line":69,"column":null}},"38":{"start":{"line":67,"column":4},"end":{"line":67,"column":32}},"39":{"start":{"line":68,"column":4},"end":{"line":68,"column":16}},"40":{"start":{"line":71,"column":9},"end":{"line":82,"column":null}},"41":{"start":{"line":71,"column":2},"end":{"line":71,"column":9}},"42":{"start":{"line":72,"column":17},"end":{"line":72,"column":19}},"43":{"start":{"line":73,"column":4},"end":{"line":80,"column":7}},"44":{"start":{"line":75,"column":6},"end":{"line":77,"column":null}},"45":{"start":{"line":76,"column":8},"end":{"line":76,"column":55}},"46":{"start":{"line":79,"column":6},"end":{"line":79,"column":45}},"47":{"start":{"line":81,"column":4},"end":{"line":81,"column":16}},"48":{"start":{"line":85,"column":9},"end":{"line":107,"column":null}},"49":{"start":{"line":85,"column":2},"end":{"line":85,"column":9}},"50":{"start":{"line":87,"column":30},"end":{"line":87,"column":32}},"51":{"start":{"line":89,"column":4},"end":{"line":89,"column":54}},"52":{"start":{"line":91,"column":40},"end":{"line":93,"column":6}},"53":{"start":{"line":92,"column":6},"end":{"line":92,"column":37}},"54":{"start":{"line":95,"column":23},"end":{"line":95,"column":61}},"55":{"start":{"line":97,"column":4},"end":{"line":104,"column":7}},"56":{"start":{"line":98,"column":6},"end":{"line":98,"column":49}},"57":{"start":{"line":99,"column":6},"end":{"line":99,"column":48}},"58":{"start":{"line":101,"column":6},"end":{"line":103,"column":null}},"59":{"start":{"line":102,"column":8},"end":{"line":102,"column":58}},"60":{"start":{"line":106,"column":4},"end":{"line":106,"column":19}},"61":{"start":{"line":109,"column":9},"end":{"line":117,"column":null}},"62":{"start":{"line":110,"column":4},"end":{"line":110,"column":56}},"63":{"start":{"line":112,"column":4},"end":{"line":116,"column":7}},"64":{"start":{"line":113,"column":34},"end":{"line":113,"column":106}},"65":{"start":{"line":114,"column":19},"end":{"line":114,"column":45}},"66":{"start":{"line":115,"column":6},"end":{"line":115,"column":46}},"67":{"start":{"line":119,"column":12},"end":{"line":137,"column":null}},"68":{"start":{"line":120,"column":24},"end":{"line":120,"column":28}},"69":{"start":{"line":122,"column":42},"end":{"line":122,"column":87}},"70":{"start":{"line":124,"column":4},"end":{"line":129,"column":null}},"71":{"start":{"line":125,"column":6},"end":{"line":125,"column":52}},"72":{"start":{"line":127,"column":11},"end":{"line":129,"column":null}},"73":{"start":{"line":128,"column":6},"end":{"line":128,"column":52}},"74":{"start":{"line":131,"column":4},"end":{"line":133,"column":null}},"75":{"start":{"line":132,"column":6},"end":{"line":132,"column":86}},"76":{"start":{"line":135,"column":4},"end":{"line":135,"column":35}},"77":{"start":{"line":136,"column":4},"end":{"line":136,"column":17}},"78":{"start":{"line":158,"column":0},"end":{"line":158,"column":null}},"79":{"start":{"line":11,"column":22},"end":{"line":11,"column":30}}},"fnMap":{"0":{"name":"(anonymous_1)","decl":{"start":{"line":11,"column":0},"end":{"line":11,"column":22}},"loc":{"start":{"line":11,"column":0},"end":{"line":158,"column":null}}},"1":{"name":"Database","decl":{"start":{"line":19,"column":2},"end":{"line":19,"column":28}},"loc":{"start":{"line":19,"column":65},"end":{"line":24,"column":3}}},"2":{"name":"(anonymous_3)","decl":{"start":{"line":26,"column":2},"end":{"line":26,"column":9}},"loc":{"start":{"line":26,"column":34},"end":{"line":29,"column":3}}},"3":{"name":"(anonymous_4)","decl":{"start":{"line":31,"column":2},"end":{"line":31,"column":9}},"loc":{"start":{"line":31,"column":37},"end":{"line":34,"column":3}}},"4":{"name":"(anonymous_5)","decl":{"start":{"line":36,"column":2},"end":{"line":36,"column":9}},"loc":{"start":{"line":36,"column":35},"end":{"line":40,"column":3}}},"5":{"name":"(anonymous_6)","decl":{"start":{"line":42,"column":2},"end":{"line":42,"column":9}},"loc":{"start":{"line":42,"column":35},"end":{"line":45,"column":3}}},"6":{"name":"(anonymous_7)","decl":{"start":{"line":47,"column":2},"end":{"line":47,"column":9}},"loc":{"start":{"line":47,"column":41},"end":{"line":58,"column":3}}},"7":{"name":"(anonymous_8)","decl":{"start":{"line":50,"column":26},"end":{"line":50,"column":27}},"loc":{"start":{"line":50,"column":44},"end":{"line":55,"column":5}}},"8":{"name":"(anonymous_9)","decl":{"start":{"line":60,"column":2},"end":{"line":60,"column":9}},"loc":{"start":{"line":60,"column":81},"end":{"line":64,"column":3}}},"9":{"name":"(anonymous_10)","decl":{"start":{"line":66,"column":2},"end":{"line":66,"column":9}},"loc":{"start":{"line":66,"column":37},"end":{"line":69,"column":3}}},"10":{"name":"(anonymous_11)","decl":{"start":{"line":71,"column":2},"end":{"line":71,"column":9}},"loc":{"start":{"line":71,"column":2},"end":{"line":82,"column":3}}},"11":{"name":"(anonymous_12)","decl":{"start":{"line":73,"column":26},"end":{"line":73,"column":27}},"loc":{"start":{"line":73,"column":44},"end":{"line":80,"column":5}}},"12":{"name":"(anonymous_13)","decl":{"start":{"line":85,"column":2},"end":{"line":85,"column":9}},"loc":{"start":{"line":85,"column":2},"end":{"line":107,"column":3}}},"13":{"name":"(anonymous_14)","decl":{"start":{"line":91,"column":69},"end":{"line":91,"column":70}},"loc":{"start":{"line":91,"column":87},"end":{"line":93,"column":5}}},"14":{"name":"(anonymous_15)","decl":{"start":{"line":97,"column":31},"end":{"line":97,"column":32}},"loc":{"start":{"line":97,"column":49},"end":{"line":104,"column":5}}},"15":{"name":"(anonymous_16)","decl":{"start":{"line":109,"column":2},"end":{"line":109,"column":9}},"loc":{"start":{"line":109,"column":2},"end":{"line":117,"column":3}}},"16":{"name":"(anonymous_17)","decl":{"start":{"line":112,"column":45},"end":{"line":112,"column":46}},"loc":{"start":{"line":112,"column":60},"end":{"line":116,"column":5}}},"17":{"name":"(anonymous_18)","decl":{"start":{"line":119,"column":2},"end":{"line":119,"column":12}},"loc":{"start":{"line":119,"column":43},"end":{"line":137,"column":3}}}},"branchMap":{"0":{"loc":{"start":{"line":52,"column":6},"end":{"line":54,"column":null}},"type":"if","locations":[{"start":{"line":52,"column":6},"end":{"line":54,"column":null}},{"start":{"line":52,"column":6},"end":{"line":54,"column":null}}]},"1":{"loc":{"start":{"line":60,"column":35},"end":{"line":60,"column":59}},"type":"if","locations":[{"start":{"line":60,"column":35},"end":{"line":60,"column":59}},{"start":{"line":60,"column":35},"end":{"line":60,"column":59}}]},"2":{"loc":{"start":{"line":60,"column":59},"end":{"line":60,"column":null}},"type":"if","locations":[{"start":{"line":60,"column":59},"end":{"line":60,"column":null}},{"start":{"line":60,"column":59},"end":{"line":60,"column":null}}]},"3":{"loc":{"start":{"line":75,"column":6},"end":{"line":77,"column":null}},"type":"if","locations":[{"start":{"line":75,"column":6},"end":{"line":77,"column":null}},{"start":{"line":75,"column":6},"end":{"line":77,"column":null}}]},"4":{"loc":{"start":{"line":91,"column":41},"end":{"line":91,"column":54}},"type":"binary-expr","locations":[{"start":{"line":91,"column":41},"end":{"line":91,"column":54}},{"start":{"line":91,"column":58},"end":{"line":91,"column":60}}]},"5":{"loc":{"start":{"line":97,"column":5},"end":{"line":97,"column":15}},"type":"binary-expr","locations":[{"start":{"line":97,"column":5},"end":{"line":97,"column":15}},{"start":{"line":97,"column":19},"end":{"line":97,"column":21}}]},"6":{"loc":{"start":{"line":101,"column":6},"end":{"line":103,"column":null}},"type":"if","locations":[{"start":{"line":101,"column":6},"end":{"line":103,"column":null}},{"start":{"line":101,"column":6},"end":{"line":103,"column":null}}]},"7":{"loc":{"start":{"line":112,"column":5},"end":{"line":112,"column":29}},"type":"binary-expr","locations":[{"start":{"line":112,"column":5},"end":{"line":112,"column":29}},{"start":{"line":112,"column":33},"end":{"line":112,"column":35}}]},"8":{"loc":{"start":{"line":113,"column":54},"end":{"line":113,"column":71}},"type":"cond-expr","locations":[{"start":{"line":113,"column":54},"end":{"line":113,"column":71}},{"start":{"line":113,"column":74},"end":{"line":113,"column":106}}]},"9":{"loc":{"start":{"line":124,"column":4},"end":{"line":129,"column":null}},"type":"if","locations":[{"start":{"line":124,"column":4},"end":{"line":129,"column":null}},{"start":{"line":124,"column":4},"end":{"line":129,"column":null}}]},"10":{"loc":{"start":{"line":127,"column":11},"end":{"line":129,"column":null}},"type":"if","locations":[{"start":{"line":127,"column":11},"end":{"line":129,"column":null}},{"start":{"line":127,"column":11},"end":{"line":129,"column":null}}]},"11":{"loc":{"start":{"line":131,"column":4},"end":{"line":133,"column":null}},"type":"if","locations":[{"start":{"line":131,"column":4},"end":{"line":133,"column":null}},{"start":{"line":131,"column":4},"end":{"line":133,"column":null}}]}},"s":{"0":2,"1":2,"2":2,"3":2,"4":2,"5":2,"6":2,"7":2,"8":2,"9":2,"10":2,"11":2,"12":2,"13":2,"14":14,"15":14,"16":2,"17":12,"18":12,"19":2,"20":2,"21":2,"22":2,"23":2,"24":2,"25":2,"26":2,"27":0,"28":0,"29":0,"30":0,"31":0,"32":2,"33":4,"34":4,"35":2,"36":2,"37":2,"38":2,"39":2,"40":2,"41":2,"42":2,"43":2,"44":2,"45":0,"46":2,"47":2,"48":2,"49":2,"50":2,"51":2,"52":2,"53":2,"54":2,"55":2,"56":2,"57":2,"58":2,"59":0,"60":2,"61":2,"62":0,"63":0,"64":0,"65":0,"66":0,"67":2,"68":4,"69":4,"70":4,"71":2,"72":2,"73":2,"74":4,"75":0,"76":4,"77":4,"78":2,"79":2},"f":{"0":2,"1":2,"2":14,"3":12,"4":2,"5":2,"6":0,"7":0,"8":2,"9":2,"10":2,"11":2,"12":2,"13":2,"14":2,"15":0,"16":0,"17":4},"b":{"0":[0,0],"1":[2,0],"2":[2,0],"3":[0,2],"4":[2,0],"5":[2,0],"6":[0,2],"7":[0,0],"8":[0,0],"9":[2,2],"10":[2,0],"11":[0,4]}}
,"/home/gabrielsc/projects/random-db-populator/src/core/database/reserved-words.ts": {"path":"/home/gabrielsc/projects/random-db-populator/src/core/database/reserved-words.ts","statementMap":{"0":{"start":{"line":4,"column":22},"end":{"line":4,"column":25}},"1":{"start":{"line":5,"column":22},"end":{"line":5,"column":25}},"2":{"start":{"line":8,"column":0},"end":{"line":8,"column":13}},"3":{"start":{"line":9,"column":9},"end":{"line":9,"column":31}},"4":{"start":{"line":10,"column":9},"end":{"line":10,"column":49}},"5":{"start":{"line":11,"column":9},"end":{"line":11,"column":51}},"6":{"start":{"line":13,"column":9},"end":{"line":16,"column":null}},"7":{"start":{"line":18,"column":0},"end":{"line":18,"column":null}},"8":{"start":{"line":8,"column":13},"end":{"line":8,"column":34}}},"fnMap":{"0":{"name":"(anonymous_0)","decl":{"start":{"line":8,"column":0},"end":{"line":8,"column":13}},"loc":{"start":{"line":8,"column":0},"end":{"line":18,"column":null}}}},"branchMap":{},"s":{"0":10,"1":10,"2":10,"3":10,"4":10,"5":10,"6":10,"7":10,"8":10},"f":{"0":20},"b":{}}
,"/home/gabrielsc/projects/random-db-populator/src/core/database/table.ts": {"path":"/home/gabrielsc/projects/random-db-populator/src/core/database/table.ts","statementMap":{"0":{"start":{"line":2,"column":0},"end":{"line":2,"column":43}},"1":{"start":{"line":4,"column":0},"end":{"line":4,"column":40}},"2":{"start":{"line":6,"column":0},"end":{"line":6,"column":34}},"3":{"start":{"line":8,"column":0},"end":{"line":8,"column":13}},"4":{"start":{"line":13,"column":12},"end":{"line":13,"column":96}},"5":{"start":{"line":13,"column":86},"end":{"line":13,"column":96}},"6":{"start":{"line":16,"column":4},"end":{"line":16,"column":21}},"7":{"start":{"line":17,"column":4},"end":{"line":17,"column":29}},"8":{"start":{"line":18,"column":4},"end":{"line":18,"column":43}},"9":{"start":{"line":24,"column":9},"end":{"line":32,"column":null}},"10":{"start":{"line":24,"column":2},"end":{"line":24,"column":9}},"11":{"start":{"line":24,"column":23},"end":{"line":24,"column":47}},"12":{"start":{"line":26,"column":4},"end":{"line":29,"column":7}},"13":{"start":{"line":27,"column":21},"end":{"line":27,"column":47}},"14":{"start":{"line":28,"column":6},"end":{"line":28,"column":38}},"15":{"start":{"line":31,"column":4},"end":{"line":31,"column":16}},"16":{"start":{"line":34,"column":9},"end":{"line":39,"column":null}},"17":{"start":{"line":35,"column":26},"end":{"line":37,"column":6}},"18":{"start":{"line":36,"column":6},"end":{"line":36,"column":38}},"19":{"start":{"line":38,"column":4},"end":{"line":38,"column":25}},"20":{"start":{"line":41,"column":9},"end":{"line":48,"column":null}},"21":{"start":{"line":43,"column":19},"end":{"line":43,"column":48}},"22":{"start":{"line":44,"column":28},"end":{"line":44,"column":74}},"23":{"start":{"line":46,"column":4},"end":{"line":46,"column":66}},"24":{"start":{"line":47,"column":4},"end":{"line":47,"column":16}},"25":{"start":{"line":50,"column":9},"end":{"line":53,"column":null}},"26":{"start":{"line":51,"column":37},"end":{"line":51,"column":92}},"27":{"start":{"line":52,"column":4},"end":{"line":52,"column":48}},"28":{"start":{"line":55,"column":9},"end":{"line":57,"column":null}},"29":{"start":{"line":56,"column":4},"end":{"line":56,"column":51}},"30":{"start":{"line":59,"column":9},"end":{"line":64,"column":null}},"31":{"start":{"line":59,"column":62},"end":{"line":59,"column":86}},"32":{"start":{"line":59,"column":86},"end":{"line":59,"column":null}},"33":{"start":{"line":60,"column":20},"end":{"line":60,"column":93}},"34":{"start":{"line":62,"column":4},"end":{"line":62,"column":38}},"35":{"start":{"line":63,"column":4},"end":{"line":63,"column":19}},"36":{"start":{"line":66,"column":9},"end":{"line":69,"column":4}},"37":{"start":{"line":67,"column":4},"end":{"line":67,"column":30}},"38":{"start":{"line":68,"column":4},"end":{"line":68,"column":16}},"39":{"start":{"line":70,"column":0},"end":{"line":70,"column":null}},"40":{"start":{"line":8,"column":13},"end":{"line":8,"column":18}}},"fnMap":{"0":{"name":"(anonymous_0)","decl":{"start":{"line":8,"column":0},"end":{"line":8,"column":13}},"loc":{"start":{"line":8,"column":0},"end":{"line":70,"column":null}}},"1":{"name":"Table","decl":{"start":{"line":15,"column":2},"end":{"line":15,"column":21}},"loc":{"start":{"line":15,"column":54},"end":{"line":19,"column":3}}},"2":{"name":"(anonymous_2)","decl":{"start":{"line":13,"column":63},"end":{"line":13,"column":64}},"loc":{"start":{"line":13,"column":81},"end":{"line":13,"column":87}}},"3":{"name":"(anonymous_3)","decl":{"start":{"line":24,"column":2},"end":{"line":24,"column":9}},"loc":{"start":{"line":24,"column":2},"end":{"line":32,"column":3}}},"4":{"name":"(anonymous_4)","decl":{"start":{"line":26,"column":32},"end":{"line":26,"column":33}},"loc":{"start":{"line":26,"column":51},"end":{"line":29,"column":5}}},"5":{"name":"(anonymous_5)","decl":{"start":{"line":34,"column":2},"end":{"line":34,"column":9}},"loc":{"start":{"line":34,"column":2},"end":{"line":39,"column":3}}},"6":{"name":"(anonymous_6)","decl":{"start":{"line":35,"column":66},"end":{"line":35,"column":67}},"loc":{"start":{"line":35,"column":82},"end":{"line":37,"column":5}}},"7":{"name":"(anonymous_7)","decl":{"start":{"line":41,"column":2},"end":{"line":41,"column":9}},"loc":{"start":{"line":41,"column":78},"end":{"line":48,"column":3}}},"8":{"name":"(anonymous_8)","decl":{"start":{"line":50,"column":2},"end":{"line":50,"column":9}},"loc":{"start":{"line":50,"column":37},"end":{"line":53,"column":3}}},"9":{"name":"(anonymous_9)","decl":{"start":{"line":55,"column":2},"end":{"line":55,"column":9}},"loc":{"start":{"line":55,"column":2},"end":{"line":57,"column":3}}},"10":{"name":"(anonymous_10)","decl":{"start":{"line":59,"column":2},"end":{"line":59,"column":9}},"loc":{"start":{"line":59,"column":108},"end":{"line":64,"column":3}}},"11":{"name":"(anonymous_11)","decl":{"start":{"line":66,"column":2},"end":{"line":66,"column":9}},"loc":{"start":{"line":66,"column":62},"end":{"line":69,"column":3}}}},"branchMap":{"0":{"loc":{"start":{"line":26,"column":5},"end":{"line":26,"column":16}},"type":"binary-expr","locations":[{"start":{"line":26,"column":5},"end":{"line":26,"column":16}},{"start":{"line":26,"column":20},"end":{"line":26,"column":22}}]},"1":{"loc":{"start":{"line":35,"column":27},"end":{"line":35,"column":51}},"type":"binary-expr","locations":[{"start":{"line":35,"column":27},"end":{"line":35,"column":51}},{"start":{"line":35,"column":55},"end":{"line":35,"column":57}}]},"2":{"loc":{"start":{"line":59,"column":62},"end":{"line":59,"column":86}},"type":"if","locations":[{"start":{"line":59,"column":62},"end":{"line":59,"column":86}},{"start":{"line":59,"column":62},"end":{"line":59,"column":86}}]},"3":{"loc":{"start":{"line":59,"column":86},"end":{"line":59,"column":null}},"type":"if","locations":[{"start":{"line":59,"column":86},"end":{"line":59,"column":null}},{"start":{"line":59,"column":86},"end":{"line":59,"column":null}}]}},"s":{"0":2,"1":2,"2":2,"3":2,"4":2,"5":2,"6":2,"7":2,"8":2,"9":2,"10":2,"11":8,"12":2,"13":4,"14":4,"15":2,"16":2,"17":24,"18":144,"19":24,"20":2,"21":12,"22":12,"23":12,"24":12,"25":2,"26":4,"27":4,"28":2,"29":0,"30":2,"31":2,"32":2,"33":2,"34":2,"35":2,"36":2,"37":0,"38":0,"39":2,"40":2},"f":{"0":2,"1":2,"2":2,"3":2,"4":4,"5":24,"6":144,"7":12,"8":4,"9":0,"10":2,"11":0},"b":{"0":[2,0],"1":[24,0],"2":[0,2],"3":[0,2]}}
,"/home/gabrielsc/projects/random-db-populator/src/core/parsers/boolean.parser.ts": {"path":"/home/gabrielsc/projects/random-db-populator/src/core/parsers/boolean.parser.ts","statementMap":{"0":{"start":{"line":2,"column":0},"end":{"line":2,"column":34}},"1":{"start":{"line":5,"column":0},"end":{"line":5,"column":null}},"2":{"start":{"line":5,"column":35},"end":{"line":5,"column":41}},"3":{"start":{"line":5,"column":0},"end":{"line":5,"column":13}},"4":{"start":{"line":7,"column":9},"end":{"line":7,"column":34}},"5":{"start":{"line":8,"column":9},"end":{"line":8,"column":59}},"6":{"start":{"line":10,"column":9},"end":{"line":18,"column":null}},"7":{"start":{"line":12,"column":4},"end":{"line":14,"column":null}},"8":{"start":{"line":13,"column":8},"end":{"line":13,"column":36}},"9":{"start":{"line":16,"column":17},"end":{"line":16,"column":43}},"10":{"start":{"line":17,"column":4},"end":{"line":17,"column":44}},"11":{"start":{"line":19,"column":0},"end":{"line":19,"column":null}},"12":{"start":{"line":5,"column":13},"end":{"line":5,"column":26}}},"fnMap":{"0":{"name":"(anonymous_6)","decl":{"start":{"line":5,"column":0},"end":{"line":5,"column":13}},"loc":{"start":{"line":5,"column":0},"end":{"line":19,"column":null}}},"1":{"name":"(anonymous_8)","decl":{"start":{"line":10,"column":2},"end":{"line":10,"column":9}},"loc":{"start":{"line":10,"column":23},"end":{"line":18,"column":3}}}},"branchMap":{"0":{"loc":{"start":{"line":5,"column":0},"end":{"line":5,"column":13}},"type":"binary-expr","locations":[{"start":{"line":5,"column":0},"end":{"line":5,"column":13}},{"start":{"line":5,"column":0},"end":{"line":5,"column":13}},{"start":{"line":5,"column":0},"end":{"line":5,"column":13}}]},"1":{"loc":{"start":{"line":12,"column":4},"end":{"line":14,"column":null}},"type":"if","locations":[{"start":{"line":12,"column":4},"end":{"line":14,"column":null}},{"start":{"line":12,"column":4},"end":{"line":14,"column":null}}]},"2":{"loc":{"start":{"line":12,"column":7},"end":{"line":12,"column":24}},"type":"binary-expr","locations":[{"start":{"line":12,"column":7},"end":{"line":12,"column":24}},{"start":{"line":12,"column":28},"end":{"line":12,"column":40}}]},"3":{"loc":{"start":{"line":17,"column":21},"end":{"line":17,"column":30}},"type":"cond-expr","locations":[{"start":{"line":17,"column":21},"end":{"line":17,"column":30}},{"start":{"line":17,"column":33},"end":{"line":17,"column":43}}]}},"s":{"0":3,"1":3,"2":3,"3":4,"4":4,"5":4,"6":3,"7":8,"8":2,"9":6,"10":6,"11":3,"12":3},"f":{"0":7,"1":8},"b":{"0":[4,4,4],"1":[2,6],"2":[8,7],"3":[3,3]}}
,"/home/gabrielsc/projects/random-db-populator/src/core/parsers/date.parser.ts": {"path":"/home/gabrielsc/projects/random-db-populator/src/core/parsers/date.parser.ts","statementMap":{"0":{"start":{"line":1,"column":0},"end":{"line":1,"column":28}},"1":{"start":{"line":4,"column":0},"end":{"line":4,"column":34}},"2":{"start":{"line":6,"column":0},"end":{"line":6,"column":null}},"3":{"start":{"line":6,"column":32},"end":{"line":6,"column":38}},"4":{"start":{"line":11,"column":67},"end":{"line":11,"column":null}},"5":{"start":{"line":12,"column":4},"end":{"line":12,"column":null}},"6":{"start":{"line":11,"column":67},"end":{"line":11,"column":96}},"7":{"start":{"line":8,"column":9},"end":{"line":8,"column":31}},"8":{"start":{"line":13,"column":4},"end":{"line":13,"column":64}},"9":{"start":{"line":16,"column":9},"end":{"line":27,"column":null}},"10":{"start":{"line":17,"column":4},"end":{"line":19,"column":null}},"11":{"start":{"line":18,"column":6},"end":{"line":18,"column":34}},"12":{"start":{"line":21,"column":4},"end":{"line":23,"column":null}},"13":{"start":{"line":22,"column":6},"end":{"line":22,"column":106}},"14":{"start":{"line":25,"column":31},"end":{"line":25,"column":62}},"15":{"start":{"line":26,"column":4},"end":{"line":26,"column":38}},"16":{"start":{"line":28,"column":0},"end":{"line":28,"column":null}},"17":{"start":{"line":6,"column":13},"end":{"line":6,"column":23}}},"fnMap":{"0":{"name":"(anonymous_7)","decl":{"start":{"line":6,"column":0},"end":{"line":6,"column":13}},"loc":{"start":{"line":6,"column":0},"end":{"line":28,"column":null}}},"1":{"name":"DateParser","decl":{"start":{"line":11,"column":2},"end":{"line":11,"column":21}},"loc":{"start":{"line":11,"column":96},"end":{"line":14,"column":3}}},"2":{"name":"(anonymous_9)","decl":{"start":{"line":16,"column":2},"end":{"line":16,"column":9}},"loc":{"start":{"line":16,"column":24},"end":{"line":27,"column":3}}}},"branchMap":{"0":{"loc":{"start":{"line":11,"column":67},"end":{"line":11,"column":null}},"type":"if","locations":[{"start":{"line":11,"column":67},"end":{"line":11,"column":null}},{"start":{"line":11,"column":67},"end":{"line":11,"column":null}}]},"1":{"loc":{"start":{"line":12,"column":4},"end":{"line":12,"column":24}},"type":"binary-expr","locations":[{"start":{"line":12,"column":4},"end":{"line":12,"column":24}},{"start":{"line":12,"column":24},"end":{"line":12,"column":null}}]},"2":{"loc":{"start":{"line":17,"column":4},"end":{"line":19,"column":null}},"type":"if","locations":[{"start":{"line":17,"column":4},"end":{"line":19,"column":null}},{"start":{"line":17,"column":4},"end":{"line":19,"column":null}}]},"3":{"loc":{"start":{"line":17,"column":8},"end":{"line":17,"column":20}},"type":"binary-expr","locations":[{"start":{"line":17,"column":8},"end":{"line":17,"column":20}},{"start":{"line":17,"column":24},"end":{"line":17,"column":41}}]},"4":{"loc":{"start":{"line":21,"column":4},"end":{"line":23,"column":null}},"type":"if","locations":[{"start":{"line":21,"column":4},"end":{"line":23,"column":null}},{"start":{"line":21,"column":4},"end":{"line":23,"column":null}}]}},"s":{"0":4,"1":4,"2":4,"3":4,"4":21,"5":14,"6":14,"7":14,"8":14,"9":4,"10":14,"11":2,"12":12,"13":6,"14":6,"15":6,"16":4,"17":4},"f":{"0":4,"1":14,"2":14},"b":{"0":[7,7],"1":[14,14],"2":[2,12],"3":[14,13],"4":[6,6]}}
,"/home/gabrielsc/projects/random-db-populator/src/core/parsers/datetime.parser.ts": {"path":"/home/gabrielsc/projects/random-db-populator/src/core/parsers/datetime.parser.ts","statementMap":{"0":{"start":{"line":2,"column":0},"end":{"line":2,"column":43}},"1":{"start":{"line":4,"column":0},"end":{"line":4,"column":null}},"2":{"start":{"line":4,"column":36},"end":{"line":4,"column":46}},"3":{"start":{"line":8,"column":60},"end":{"line":8,"column":null}},"4":{"start":{"line":9,"column":4},"end":{"line":9,"column":null}},"5":{"start":{"line":6,"column":9},"end":{"line":6,"column":35}},"6":{"start":{"line":11,"column":0},"end":{"line":11,"column":null}},"7":{"start":{"line":4,"column":13},"end":{"line":4,"column":27}}},"fnMap":{"0":{"name":"(anonymous_6)","decl":{"start":{"line":4,"column":0},"end":{"line":4,"column":13}},"loc":{"start":{"line":4,"column":0},"end":{"line":11,"column":null}}},"1":{"name":"DateTimeParser","decl":{"start":{"line":8,"column":2},"end":{"line":8,"column":21}},"loc":{"start":{"line":8,"column":98},"end":{"line":10,"column":3}}}},"branchMap":{"0":{"loc":{"start":{"line":8,"column":60},"end":{"line":8,"column":null}},"type":"if","locations":[{"start":{"line":8,"column":60},"end":{"line":8,"column":null}},{"start":{"line":8,"column":60},"end":{"line":8,"column":null}}]},"1":{"loc":{"start":{"line":9,"column":4},"end":{"line":9,"column":32}},"type":"binary-expr","locations":[{"start":{"line":9,"column":4},"end":{"line":9,"column":32}},{"start":{"line":9,"column":32},"end":{"line":9,"column":null}}]}},"s":{"0":3,"1":3,"2":3,"3":14,"4":7,"5":7,"6":3,"7":3},"f":{"0":3,"1":7},"b":{"0":[7,0],"1":[7,0]}}
,"/home/gabrielsc/projects/random-db-populator/src/core/parsers/entity.parser.ts": {"path":"/home/gabrielsc/projects/random-db-populator/src/core/parsers/entity.parser.ts","statementMap":{"0":{"start":{"line":1,"column":0},"end":{"line":1,"column":34}},"1":{"start":{"line":3,"column":0},"end":{"line":3,"column":34}},"2":{"start":{"line":9,"column":0},"end":{"line":9,"column":null}},"3":{"start":{"line":9,"column":34},"end":{"line":9,"column":40}},"4":{"start":{"line":9,"column":0},"end":{"line":9,"column":13}},"5":{"start":{"line":11,"column":9},"end":{"line":11,"column":33}},"6":{"start":{"line":12,"column":9},"end":{"line":12,"column":95}},"7":{"start":{"line":14,"column":9},"end":{"line":21,"column":null}},"8":{"start":{"line":16,"column":4},"end":{"line":18,"column":null}},"9":{"start":{"line":17,"column":6},"end":{"line":17,"column":110}},"10":{"start":{"line":20,"column":4},"end":{"line":20,"column":42}},"11":{"start":{"line":22,"column":0},"end":{"line":22,"column":null}},"12":{"start":{"line":9,"column":13},"end":{"line":9,"column":25}}},"fnMap":{"0":{"name":"(anonymous_6)","decl":{"start":{"line":9,"column":0},"end":{"line":9,"column":13}},"loc":{"start":{"line":9,"column":0},"end":{"line":22,"column":null}}},"1":{"name":"(anonymous_8)","decl":{"start":{"line":14,"column":2},"end":{"line":14,"column":9}},"loc":{"start":{"line":14,"column":23},"end":{"line":21,"column":3}}}},"branchMap":{"0":{"loc":{"start":{"line":9,"column":0},"end":{"line":9,"column":13}},"type":"binary-expr","locations":[{"start":{"line":9,"column":0},"end":{"line":9,"column":13}},{"start":{"line":9,"column":0},"end":{"line":9,"column":13}},{"start":{"line":9,"column":0},"end":{"line":9,"column":13}}]},"1":{"loc":{"start":{"line":16,"column":4},"end":{"line":18,"column":null}},"type":"if","locations":[{"start":{"line":16,"column":4},"end":{"line":18,"column":null}},{"start":{"line":16,"column":4},"end":{"line":18,"column":null}}]}},"s":{"0":3,"1":3,"2":3,"3":3,"4":7,"5":7,"6":7,"7":3,"8":32,"9":3,"10":29,"11":3,"12":3},"f":{"0":10,"1":32},"b":{"0":[7,7,7],"1":[3,29]}}
,"/home/gabrielsc/projects/random-db-populator/src/core/parsers/int.parser.ts": {"path":"/home/gabrielsc/projects/random-db-populator/src/core/parsers/int.parser.ts","statementMap":{"0":{"start":{"line":2,"column":0},"end":{"line":2,"column":47}},"1":{"start":{"line":4,"column":0},"end":{"line":4,"column":null}},"2":{"start":{"line":4,"column":31},"end":{"line":4,"column":43}},"3":{"start":{"line":4,"column":0},"end":{"line":4,"column":13}},"4":{"start":{"line":6,"column":9},"end":{"line":6,"column":30}},"5":{"start":{"line":7,"column":9},"end":{"line":7,"column":31}},"6":{"start":{"line":8,"column":9},"end":{"line":8,"column":53}},"7":{"start":{"line":9,"column":0},"end":{"line":9,"column":null}},"8":{"start":{"line":4,"column":13},"end":{"line":4,"column":22}}},"fnMap":{"0":{"name":"(anonymous_6)","decl":{"start":{"line":4,"column":0},"end":{"line":4,"column":13}},"loc":{"start":{"line":4,"column":0},"end":{"line":9,"column":null}}}},"branchMap":{"0":{"loc":{"start":{"line":4,"column":0},"end":{"line":4,"column":13}},"type":"binary-expr","locations":[{"start":{"line":4,"column":0},"end":{"line":4,"column":13}},{"start":{"line":4,"column":0},"end":{"line":4,"column":13}},{"start":{"line":4,"column":0},"end":{"line":4,"column":13}}]}},"s":{"0":3,"1":3,"2":3,"3":6,"4":6,"5":6,"6":6,"7":3,"8":3},"f":{"0":9},"b":{"0":[6,6,0]}}
,"/home/gabrielsc/projects/random-db-populator/src/core/parsers/number.parser.ts": {"path":"/home/gabrielsc/projects/random-db-populator/src/core/parsers/number.parser.ts","statementMap":{"0":{"start":{"line":1,"column":0},"end":{"line":1,"column":54}},"1":{"start":{"line":3,"column":0},"end":{"line":3,"column":34}},"2":{"start":{"line":6,"column":0},"end":{"line":6,"column":null}},"3":{"start":{"line":6,"column":34},"end":{"line":6,"column":40}},"4":{"start":{"line":13,"column":60},"end":{"line":13,"column":null}},"5":{"start":{"line":14,"column":4},"end":{"line":14,"column":null}},"6":{"start":{"line":8,"column":9},"end":{"line":8,"column":33}},"7":{"start":{"line":9,"column":9},"end":{"line":9,"column":31}},"8":{"start":{"line":10,"column":9},"end":{"line":10,"column":69}},"9":{"start":{"line":15,"column":4},"end":{"line":15,"column":77}},"10":{"start":{"line":18,"column":9},"end":{"line":37,"column":null}},"11":{"start":{"line":20,"column":4},"end":{"line":22,"column":null}},"12":{"start":{"line":21,"column":6},"end":{"line":21,"column":34}},"13":{"start":{"line":24,"column":4},"end":{"line":26,"column":null}},"14":{"start":{"line":25,"column":6},"end":{"line":25,"column":128}},"15":{"start":{"line":28,"column":32},"end":{"line":28,"column":36}},"16":{"start":{"line":30,"column":4},"end":{"line":34,"column":null}},"17":{"start":{"line":31,"column":6},"end":{"line":31,"column":52}},"18":{"start":{"line":33,"column":6},"end":{"line":33,"column":70}},"19":{"start":{"line":36,"column":4},"end":{"line":36,"column":25}},"20":{"start":{"line":39,"column":16},"end":{"line":44,"column":null}},"21":{"start":{"line":40,"column":19},"end":{"line":40,"column":61}},"22":{"start":{"line":41,"column":4},"end":{"line":41,"column":23}},"23":{"start":{"line":42,"column":4},"end":{"line":42,"column":33}},"24":{"start":{"line":43,"column":4},"end":{"line":43,"column":18}},"25":{"start":{"line":45,"column":0},"end":{"line":45,"column":null}},"26":{"start":{"line":6,"column":13},"end":{"line":6,"column":25}}},"fnMap":{"0":{"name":"(anonymous_6)","decl":{"start":{"line":6,"column":0},"end":{"line":6,"column":13}},"loc":{"start":{"line":6,"column":0},"end":{"line":45,"column":null}}},"1":{"name":"NumberParser","decl":{"start":{"line":13,"column":2},"end":{"line":13,"column":21}},"loc":{"start":{"line":13,"column":81},"end":{"line":16,"column":3}}},"2":{"name":"(anonymous_8)","decl":{"start":{"line":18,"column":2},"end":{"line":18,"column":9}},"loc":{"start":{"line":18,"column":23},"end":{"line":37,"column":3}}},"3":{"name":"(anonymous_9)","decl":{"start":{"line":39,"column":2},"end":{"line":39,"column":16}},"loc":{"start":{"line":39,"column":100},"end":{"line":44,"column":3}}}},"branchMap":{"0":{"loc":{"start":{"line":13,"column":60},"end":{"line":13,"column":null}},"type":"if","locations":[{"start":{"line":13,"column":60},"end":{"line":13,"column":null}},{"start":{"line":13,"column":60},"end":{"line":13,"column":null}}]},"1":{"loc":{"start":{"line":14,"column":4},"end":{"line":14,"column":24}},"type":"binary-expr","locations":[{"start":{"line":14,"column":4},"end":{"line":14,"column":24}},{"start":{"line":14,"column":24},"end":{"line":14,"column":null}}]},"2":{"loc":{"start":{"line":20,"column":4},"end":{"line":22,"column":null}},"type":"if","locations":[{"start":{"line":20,"column":4},"end":{"line":22,"column":null}},{"start":{"line":20,"column":4},"end":{"line":22,"column":null}}]},"3":{"loc":{"start":{"line":20,"column":8},"end":{"line":20,"column":20}},"type":"binary-expr","locations":[{"start":{"line":20,"column":8},"end":{"line":20,"column":20}},{"start":{"line":20,"column":24},"end":{"line":20,"column":41}}]},"4":{"loc":{"start":{"line":24,"column":4},"end":{"line":26,"column":null}},"type":"if","locations":[{"start":{"line":24,"column":4},"end":{"line":26,"column":null}},{"start":{"line":24,"column":4},"end":{"line":26,"column":null}}]},"5":{"loc":{"start":{"line":24,"column":9},"end":{"line":24,"column":23}},"type":"binary-expr","locations":[{"start":{"line":24,"column":9},"end":{"line":24,"column":23}},{"start":{"line":24,"column":27},"end":{"line":24,"column":41}},{"start":{"line":24,"column":46},"end":{"line":24,"column":64}}]},"6":{"loc":{"start":{"line":30,"column":4},"end":{"line":34,"column":null}},"type":"if","locations":[{"start":{"line":30,"column":4},"end":{"line":34,"column":null}},{"start":{"line":30,"column":4},"end":{"line":34,"column":null}}]}},"s":{"0":4,"1":4,"2":4,"3":4,"4":24,"5":13,"6":13,"7":13,"8":13,"9":13,"10":4,"11":17,"12":4,"13":13,"14":4,"15":9,"16":9,"17":5,"18":4,"19":9,"20":4,"21":1,"22":1,"23":1,"24":1,"25":4,"26":4},"f":{"0":4,"1":13,"2":17,"3":1},"b":{"0":[11,2],"1":[13,13],"2":[4,13],"3":[17,15],"4":[4,9],"5":[13,9,9],"6":[5,4]}}
,"/home/gabrielsc/projects/random-db-populator/src/core/parsers/parser.ts": {"path":"/home/gabrielsc/projects/random-db-populator/src/core/parsers/parser.ts","statementMap":{"0":{"start":{"line":4,"column":0},"end":{"line":4,"column":22}},"1":{"start":{"line":6,"column":28},"end":{"line":6,"column":65}},"2":{"start":{"line":8,"column":9},"end":{"line":11,"column":null}},"3":{"start":{"line":9,"column":18},"end":{"line":9,"column":52}},"4":{"start":{"line":10,"column":4},"end":{"line":10,"column":38}},"5":{"start":{"line":13,"column":9},"end":{"line":15,"column":null}},"6":{"start":{"line":14,"column":4},"end":{"line":14,"column":35}},"7":{"start":{"line":17,"column":9},"end":{"line":20,"column":null}},"8":{"start":{"line":18,"column":18},"end":{"line":18,"column":54}},"9":{"start":{"line":19,"column":4},"end":{"line":19,"column":38}},"10":{"start":{"line":21,"column":0},"end":{"line":21,"column":null}},"11":{"start":{"line":4,"column":22},"end":{"line":4,"column":28}}},"fnMap":{"0":{"name":"(anonymous_0)","decl":{"start":{"line":4,"column":0},"end":{"line":4,"column":22}},"loc":{"start":{"line":4,"column":0},"end":{"line":21,"column":null}}},"1":{"name":"Parser","decl":{"start":{"line":6,"column":2},"end":{"line":6,"column":28}},"loc":{"start":{"line":6,"column":65},"end":{"line":6,"column":69}}},"2":{"name":"(anonymous_2)","decl":{"start":{"line":8,"column":2},"end":{"line":8,"column":9}},"loc":{"start":{"line":8,"column":32},"end":{"line":11,"column":3}}},"3":{"name":"(anonymous_3)","decl":{"start":{"line":13,"column":2},"end":{"line":13,"column":9}},"loc":{"start":{"line":13,"column":2},"end":{"line":15,"column":3}}},"4":{"name":"(anonymous_4)","decl":{"start":{"line":17,"column":2},"end":{"line":17,"column":9}},"loc":{"start":{"line":17,"column":43},"end":{"line":20,"column":3}}}},"branchMap":{},"s":{"0":10,"1":48,"2":10,"3":13,"4":13,"5":10,"6":12,"7":10,"8":29,"9":29,"10":10,"11":10},"f":{"0":10,"1":48,"2":13,"3":12,"4":29},"b":{}}
,"/home/gabrielsc/projects/random-db-populator/src/core/parsers/raw.parser.ts": {"path":"/home/gabrielsc/projects/random-db-populator/src/core/parsers/raw.parser.ts","statementMap":{"0":{"start":{"line":2,"column":0},"end":{"line":2,"column":34}},"1":{"start":{"line":5,"column":0},"end":{"line":5,"column":null}},"2":{"start":{"line":5,"column":31},"end":{"line":5,"column":37}},"3":{"start":{"line":5,"column":0},"end":{"line":5,"column":13}},"4":{"start":{"line":7,"column":9},"end":{"line":7,"column":30}},"5":{"start":{"line":8,"column":9},"end":{"line":8,"column":156}},"6":{"start":{"line":10,"column":9},"end":{"line":21,"column":null}},"7":{"start":{"line":12,"column":4},"end":{"line":14,"column":null}},"8":{"start":{"line":13,"column":6},"end":{"line":13,"column":34}},"9":{"start":{"line":16,"column":4},"end":{"line":18,"column":null}},"10":{"start":{"line":17,"column":6},"end":{"line":17,"column":125}},"11":{"start":{"line":20,"column":4},"end":{"line":20,"column":23}},"12":{"start":{"line":22,"column":0},"end":{"line":22,"column":null}},"13":{"start":{"line":5,"column":13},"end":{"line":5,"column":22}}},"fnMap":{"0":{"name":"(anonymous_6)","decl":{"start":{"line":5,"column":0},"end":{"line":5,"column":13}},"loc":{"start":{"line":5,"column":0},"end":{"line":22,"column":null}}},"1":{"name":"(anonymous_8)","decl":{"start":{"line":10,"column":2},"end":{"line":10,"column":9}},"loc":{"start":{"line":10,"column":23},"end":{"line":21,"column":3}}}},"branchMap":{"0":{"loc":{"start":{"line":5,"column":0},"end":{"line":5,"column":13}},"type":"binary-expr","locations":[{"start":{"line":5,"column":0},"end":{"line":5,"column":13}},{"start":{"line":5,"column":0},"end":{"line":5,"column":13}},{"start":{"line":5,"column":0},"end":{"line":5,"column":13}}]},"1":{"loc":{"start":{"line":12,"column":4},"end":{"line":14,"column":null}},"type":"if","locations":[{"start":{"line":12,"column":4},"end":{"line":14,"column":null}},{"start":{"line":12,"column":4},"end":{"line":14,"column":null}}]},"2":{"loc":{"start":{"line":12,"column":7},"end":{"line":12,"column":19}},"type":"binary-expr","locations":[{"start":{"line":12,"column":7},"end":{"line":12,"column":19}},{"start":{"line":12,"column":23},"end":{"line":12,"column":40}}]},"3":{"loc":{"start":{"line":16,"column":4},"end":{"line":18,"column":null}},"type":"if","locations":[{"start":{"line":16,"column":4},"end":{"line":18,"column":null}},{"start":{"line":16,"column":4},"end":{"line":18,"column":null}}]}},"s":{"0":3,"1":3,"2":3,"3":5,"4":5,"5":5,"6":3,"7":9,"8":2,"9":7,"10":1,"11":6,"12":3,"13":3},"f":{"0":8,"1":9},"b":{"0":[5,5,5],"1":[2,7],"2":[9,8],"3":[1,6]}}
,"/home/gabrielsc/projects/random-db-populator/src/core/parsers/string.parser.ts": {"path":"/home/gabrielsc/projects/random-db-populator/src/core/parsers/string.parser.ts","statementMap":{"0":{"start":{"line":2,"column":0},"end":{"line":2,"column":34}},"1":{"start":{"line":5,"column":0},"end":{"line":5,"column":null}},"2":{"start":{"line":5,"column":34},"end":{"line":5,"column":40}},"3":{"start":{"line":5,"column":0},"end":{"line":5,"column":13}},"4":{"start":{"line":7,"column":9},"end":{"line":7,"column":33}},"5":{"start":{"line":8,"column":9},"end":{"line":8,"column":56}},"6":{"start":{"line":10,"column":9},"end":{"line":22,"column":null}},"7":{"start":{"line":12,"column":4},"end":{"line":21,"column":null}},"8":{"start":{"line":14,"column":6},"end":{"line":16,"column":null}},"9":{"start":{"line":15,"column":8},"end":{"line":15,"column":130}},"10":{"start":{"line":18,"column":6},"end":{"line":18,"column":33}},"11":{"start":{"line":20,"column":6},"end":{"line":20,"column":34}},"12":{"start":{"line":23,"column":0},"end":{"line":23,"column":null}},"13":{"start":{"line":5,"column":13},"end":{"line":5,"column":25}}},"fnMap":{"0":{"name":"(anonymous_6)","decl":{"start":{"line":5,"column":0},"end":{"line":5,"column":13}},"loc":{"start":{"line":5,"column":0},"end":{"line":23,"column":null}}},"1":{"name":"(anonymous_8)","decl":{"start":{"line":10,"column":2},"end":{"line":10,"column":9}},"loc":{"start":{"line":10,"column":23},"end":{"line":22,"column":3}}}},"branchMap":{"0":{"loc":{"start":{"line":5,"column":0},"end":{"line":5,"column":13}},"type":"binary-expr","locations":[{"start":{"line":5,"column":0},"end":{"line":5,"column":13}},{"start":{"line":5,"column":0},"end":{"line":5,"column":13}},{"start":{"line":5,"column":0},"end":{"line":5,"column":13}}]},"1":{"loc":{"start":{"line":12,"column":4},"end":{"line":21,"column":null}},"type":"if","locations":[{"start":{"line":12,"column":4},"end":{"line":21,"column":null}},{"start":{"line":12,"column":4},"end":{"line":21,"column":null}}]},"2":{"loc":{"start":{"line":12,"column":8},"end":{"line":12,"column":19}},"type":"binary-expr","locations":[{"start":{"line":12,"column":8},"end":{"line":12,"column":19}},{"start":{"line":12,"column":23},"end":{"line":12,"column":40}}]},"3":{"loc":{"start":{"line":14,"column":6},"end":{"line":16,"column":null}},"type":"if","locations":[{"start":{"line":14,"column":6},"end":{"line":16,"column":null}},{"start":{"line":14,"column":6},"end":{"line":16,"column":null}}]}},"s":{"0":3,"1":3,"2":3,"3":5,"4":5,"5":5,"6":3,"7":10,"8":8,"9":1,"10":7,"11":2,"12":3,"13":3},"f":{"0":8,"1":10},"b":{"0":[5,5,5],"1":[8,2],"2":[10,9],"3":[1,7]}}
,"/home/gabrielsc/projects/random-db-populator/src/core/query-builder/query-command.enum.ts": {"path":"/home/gabrielsc/projects/random-db-populator/src/core/query-builder/query-command.enum.ts","statementMap":{"0":{"start":{"line":2,"column":0},"end":{"line":2,"column":null}},"1":{"start":{"line":3,"column":2},"end":{"line":3,"column":null}},"2":{"start":{"line":4,"column":2},"end":{"line":4,"column":null}},"3":{"start":{"line":5,"column":2},"end":{"line":5,"column":null}},"4":{"start":{"line":9,"column":0},"end":{"line":9,"column":28}}},"fnMap":{"0":{"name":"(anonymous_0)","decl":{"start":{"line":2,"column":0},"end":{"line":2,"column":12}},"loc":{"start":{"line":2,"column":24},"end":{"line":6,"column":1}}}},"branchMap":{"0":{"loc":{"start":{"line":2,"column":12},"end":{"line":2,"column":24}},"type":"binary-expr","locations":[{"start":{"line":2,"column":12},"end":{"line":2,"column":24}},{"start":{"line":2,"column":12},"end":{"line":2,"column":null}}]}},"s":{"0":2,"1":2,"2":2,"3":2,"4":2},"f":{"0":2},"b":{"0":[2,2]}}
,"/home/gabrielsc/projects/random-db-populator/src/core/utils/map.ts": {"path":"/home/gabrielsc/projects/random-db-populator/src/core/utils/map.ts","statementMap":{"0":{"start":{"line":1,"column":0},"end":{"line":1,"column":23}},"1":{"start":{"line":3,"column":0},"end":{"line":3,"column":38}},"2":{"start":{"line":6,"column":0},"end":{"line":6,"column":13}},"3":{"start":{"line":11,"column":4},"end":{"line":11,"column":37}},"4":{"start":{"line":15,"column":9},"end":{"line":17,"column":null}},"5":{"start":{"line":16,"column":4},"end":{"line":16,"column":31}},"6":{"start":{"line":19,"column":9},"end":{"line":25,"column":null}},"7":{"start":{"line":19,"column":39},"end":{"line":19,"column":null}},"8":{"start":{"line":20,"column":4},"end":{"line":22,"column":null}},"9":{"start":{"line":21,"column":6},"end":{"line":21,"column":82}},"10":{"start":{"line":23,"column":4},"end":{"line":23,"column":33}},"11":{"start":{"line":24,"column":4},"end":{"line":24,"column":16}},"12":{"start":{"line":27,"column":9},"end":{"line":36,"column":null}},"13":{"start":{"line":27,"column":27},"end":{"line":27,"column":null}},"14":{"start":{"line":28,"column":4},"end":{"line":34,"column":null}},"15":{"start":{"line":29,"column":6},"end":{"line":32,"column":null}},"16":{"start":{"line":30,"column":34},"end":{"line":30,"column":58}},"17":{"start":{"line":31,"column":8},"end":{"line":31,"column":124}},"18":{"start":{"line":33,"column":6},"end":{"line":33,"column":40}},"19":{"start":{"line":35,"column":4},"end":{"line":35,"column":51}},"20":{"start":{"line":38,"column":9},"end":{"line":48,"column":null}},"21":{"start":{"line":38,"column":30},"end":{"line":38,"column":null}},"22":{"start":{"line":39,"column":4},"end":{"line":45,"column":null}},"23":{"start":{"line":40,"column":6},"end":{"line":43,"column":null}},"24":{"start":{"line":41,"column":34},"end":{"line":41,"column":58}},"25":{"start":{"line":42,"column":8},"end":{"line":42,"column":126}},"26":{"start":{"line":44,"column":6},"end":{"line":44,"column":19}},"27":{"start":{"line":46,"column":4},"end":{"line":46,"column":22}},"28":{"start":{"line":47,"column":4},"end":{"line":47,"column":16}},"29":{"start":{"line":51,"column":9},"end":{"line":59,"column":null}},"30":{"start":{"line":52,"column":28},"end":{"line":52,"column":30}},"31":{"start":{"line":54,"column":4},"end":{"line":56,"column":7}},"32":{"start":{"line":55,"column":8},"end":{"line":55,"column":25}},"33":{"start":{"line":58,"column":4},"end":{"line":58,"column":17}},"34":{"start":{"line":62,"column":9},"end":{"line":67,"column":null}},"35":{"start":{"line":62,"column":2},"end":{"line":62,"column":9}},"36":{"start":{"line":63,"column":4},"end":{"line":66,"column":7}},"37":{"start":{"line":64,"column":23},"end":{"line":64,"column":69}},"38":{"start":{"line":65,"column":6},"end":{"line":65,"column":31}},"39":{"start":{"line":69,"column":9},"end":{"line":77,"column":null}},"40":{"start":{"line":70,"column":24},"end":{"line":70,"column":26}},"41":{"start":{"line":72,"column":4},"end":{"line":74,"column":7}},"42":{"start":{"line":73,"column":8},"end":{"line":73,"column":25}},"43":{"start":{"line":76,"column":4},"end":{"line":76,"column":18}},"44":{"start":{"line":79,"column":9},"end":{"line":82,"column":null}},"45":{"start":{"line":80,"column":18},"end":{"line":80,"column":53}},"46":{"start":{"line":81,"column":4},"end":{"line":81,"column":33}},"47":{"start":{"line":83,"column":0},"end":{"line":83,"column":null}},"48":{"start":{"line":6,"column":13},"end":{"line":6,"column":21}}},"fnMap":{"0":{"name":"(anonymous_1)","decl":{"start":{"line":6,"column":0},"end":{"line":6,"column":13}},"loc":{"start":{"line":6,"column":0},"end":{"line":83,"column":null}}},"1":{"name":"NamedMap","decl":{"start":{"line":10,"column":2},"end":{"line":10,"column":null}},"loc":{"start":{"line":10,"column":2},"end":{"line":12,"column":3}}},"2":{"name":"(anonymous_3)","decl":{"start":{"line":15,"column":2},"end":{"line":15,"column":9}},"loc":{"start":{"line":15,"column":25},"end":{"line":17,"column":3}}},"3":{"name":"(anonymous_4)","decl":{"start":{"line":19,"column":2},"end":{"line":19,"column":9}},"loc":{"start":{"line":19,"column":101},"end":{"line":25,"column":3}}},"4":{"name":"(anonymous_5)","decl":{"start":{"line":27,"column":2},"end":{"line":27,"column":9}},"loc":{"start":{"line":27,"column":95},"end":{"line":36,"column":3}}},"5":{"name":"(anonymous_6)","decl":{"start":{"line":38,"column":2},"end":{"line":38,"column":9}},"loc":{"start":{"line":38,"column":98},"end":{"line":48,"column":3}}},"6":{"name":"(anonymous_7)","decl":{"start":{"line":51,"column":2},"end":{"line":51,"column":9}},"loc":{"start":{"line":51,"column":2},"end":{"line":59,"column":3}}},"7":{"name":"(anonymous_8)","decl":{"start":{"line":54,"column":22},"end":{"line":54,"column":23}},"loc":{"start":{"line":54,"column":32},"end":{"line":56,"column":5}}},"8":{"name":"(anonymous_9)","decl":{"start":{"line":62,"column":2},"end":{"line":62,"column":9}},"loc":{"start":{"line":62,"column":63},"end":{"line":67,"column":3}}},"9":{"name":"(anonymous_10)","decl":{"start":{"line":63,"column":35},"end":{"line":63,"column":36}},"loc":{"start":{"line":63,"column":51},"end":{"line":66,"column":5}}},"10":{"name":"(anonymous_11)","decl":{"start":{"line":69,"column":2},"end":{"line":69,"column":9}},"loc":{"start":{"line":69,"column":2},"end":{"line":77,"column":3}}},"11":{"name":"(anonymous_12)","decl":{"start":{"line":72,"column":22},"end":{"line":72,"column":23}},"loc":{"start":{"line":72,"column":26},"end":{"line":74,"column":5}}},"12":{"name":"(anonymous_13)","decl":{"start":{"line":79,"column":2},"end":{"line":79,"column":9}},"loc":{"start":{"line":79,"column":25},"end":{"line":82,"column":3}}}},"branchMap":{"0":{"loc":{"start":{"line":19,"column":39},"end":{"line":19,"column":null}},"type":"if","locations":[{"start":{"line":19,"column":39},"end":{"line":19,"column":null}},{"start":{"line":19,"column":39},"end":{"line":19,"column":null}}]},"1":{"loc":{"start":{"line":20,"column":4},"end":{"line":22,"column":null}},"type":"if","locations":[{"start":{"line":20,"column":4},"end":{"line":22,"column":null}},{"start":{"line":20,"column":4},"end":{"line":22,"column":null}}]},"2":{"loc":{"start":{"line":20,"column":8},"end":{"line":20,"column":22}},"type":"binary-expr","locations":[{"start":{"line":20,"column":8},"end":{"line":20,"column":22}},{"start":{"line":20,"column":26},"end":{"line":20,"column":46}}]},"3":{"loc":{"start":{"line":27,"column":27},"end":{"line":27,"column":null}},"type":"if","locations":[{"start":{"line":27,"column":27},"end":{"line":27,"column":null}},{"start":{"line":27,"column":27},"end":{"line":27,"column":null}}]},"4":{"loc":{"start":{"line":28,"column":4},"end":{"line":34,"column":null}},"type":"if","locations":[{"start":{"line":28,"column":4},"end":{"line":34,"column":null}},{"start":{"line":28,"column":4},"end":{"line":34,"column":null}}]},"5":{"loc":{"start":{"line":29,"column":6},"end":{"line":32,"column":null}},"type":"if","locations":[{"start":{"line":29,"column":6},"end":{"line":32,"column":null}},{"start":{"line":29,"column":6},"end":{"line":32,"column":null}}]},"6":{"loc":{"start":{"line":38,"column":30},"end":{"line":38,"column":null}},"type":"if","locations":[{"start":{"line":38,"column":30},"end":{"line":38,"column":null}},{"start":{"line":38,"column":30},"end":{"line":38,"column":null}}]},"7":{"loc":{"start":{"line":39,"column":4},"end":{"line":45,"column":null}},"type":"if","locations":[{"start":{"line":39,"column":4},"end":{"line":45,"column":null}},{"start":{"line":39,"column":4},"end":{"line":45,"column":null}}]},"8":{"loc":{"start":{"line":40,"column":6},"end":{"line":43,"column":null}},"type":"if","locations":[{"start":{"line":40,"column":6},"end":{"line":43,"column":null}},{"start":{"line":40,"column":6},"end":{"line":43,"column":null}}]},"9":{"loc":{"start":{"line":63,"column":5},"end":{"line":63,"column":19}},"type":"binary-expr","locations":[{"start":{"line":63,"column":5},"end":{"line":63,"column":19}},{"start":{"line":63,"column":23},"end":{"line":63,"column":25}}]}},"s":{"0":2,"1":2,"2":2,"3":16,"4":2,"5":118,"6":2,"7":118,"8":72,"9":0,"10":72,"11":72,"12":2,"13":74,"14":46,"15":0,"16":0,"17":0,"18":0,"19":46,"20":2,"21":0,"22":0,"23":0,"24":0,"25":0,"26":0,"27":0,"28":0,"29":2,"30":8,"31":8,"32":40,"33":8,"34":2,"35":6,"36":6,"37":28,"38":28,"39":2,"40":28,"41":28,"42":168,"43":28,"44":2,"45":0,"46":0,"47":2,"48":2},"f":{"0":2,"1":16,"2":118,"3":72,"4":46,"5":0,"6":8,"7":40,"8":6,"9":28,"10":28,"11":168,"12":0},"b":{"0":[46,26],"1":[0,72],"2":[72,0],"3":[28,18],"4":[0,46],"5":[0,0],"6":[0,0],"7":[0,0],"8":[0,0],"9":[6,0]}}
,"/home/gabrielsc/projects/random-db-populator/src/core/utils/optional.ts": {"path":"/home/gabrielsc/projects/random-db-populator/src/core/utils/optional.ts","statementMap":{"0":{"start":{"line":4,"column":0},"end":{"line":4,"column":13}},"1":{"start":{"line":10,"column":21},"end":{"line":10,"column":null}},"2":{"start":{"line":6,"column":12},"end":{"line":6,"column":27}},"3":{"start":{"line":7,"column":12},"end":{"line":7,"column":40}},"4":{"start":{"line":11,"column":4},"end":{"line":11,"column":22}},"5":{"start":{"line":14,"column":9},"end":{"line":16,"column":null}},"6":{"start":{"line":15,"column":4},"end":{"line":15,"column":22}},"7":{"start":{"line":18,"column":16},"end":{"line":20,"column":null}},"8":{"start":{"line":19,"column":4},"end":{"line":19,"column":null}},"9":{"start":{"line":22,"column":16},"end":{"line":24,"column":null}},"10":{"start":{"line":23,"column":4},"end":{"line":23,"column":null}},"11":{"start":{"line":26,"column":9},"end":{"line":29,"column":null}},"12":{"start":{"line":27,"column":4},"end":{"line":27,"column":27}},"13":{"start":{"line":28,"column":4},"end":{"line":28,"column":23}},"14":{"start":{"line":31,"column":9},"end":{"line":36,"column":null}},"15":{"start":{"line":31,"column":13},"end":{"line":31,"column":null}},"16":{"start":{"line":32,"column":4},"end":{"line":34,"column":null}},"17":{"start":{"line":33,"column":6},"end":{"line":33,"column":113}},"18":{"start":{"line":35,"column":4},"end":{"line":35,"column":21}},"19":{"start":{"line":37,"column":0},"end":{"line":37,"column":null}},"20":{"start":{"line":4,"column":13},"end":{"line":4,"column":21}}},"fnMap":{"0":{"name":"(anonymous_0)","decl":{"start":{"line":4,"column":0},"end":{"line":4,"column":13}},"loc":{"start":{"line":4,"column":0},"end":{"line":37,"column":null}}},"1":{"name":"Optional","decl":{"start":{"line":10,"column":2},"end":{"line":10,"column":21}},"loc":{"start":{"line":10,"column":36},"end":{"line":12,"column":3}}},"2":{"name":"(anonymous_2)","decl":{"start":{"line":14,"column":2},"end":{"line":14,"column":9}},"loc":{"start":{"line":14,"column":21},"end":{"line":16,"column":3}}},"3":{"name":"(anonymous_3)","decl":{"start":{"line":18,"column":2},"end":{"line":18,"column":16}},"loc":{"start":{"line":18,"column":2},"end":{"line":20,"column":3}}},"4":{"name":"(anonymous_4)","decl":{"start":{"line":22,"column":2},"end":{"line":22,"column":16}},"loc":{"start":{"line":22,"column":37},"end":{"line":24,"column":3}}},"5":{"name":"(anonymous_5)","decl":{"start":{"line":26,"column":2},"end":{"line":26,"column":9}},"loc":{"start":{"line":26,"column":2},"end":{"line":29,"column":3}}},"6":{"name":"(anonymous_6)","decl":{"start":{"line":31,"column":2},"end":{"line":31,"column":9}},"loc":{"start":{"line":31,"column":76},"end":{"line":36,"column":3}}}},"branchMap":{"0":{"loc":{"start":{"line":10,"column":21},"end":{"line":10,"column":null}},"type":"if","locations":[{"start":{"line":10,"column":21},"end":{"line":10,"column":null}},{"start":{"line":10,"column":21},"end":{"line":10,"column":null}}]},"1":{"loc":{"start":{"line":31,"column":13},"end":{"line":31,"column":null}},"type":"if","locations":[{"start":{"line":31,"column":13},"end":{"line":31,"column":null}},{"start":{"line":31,"column":13},"end":{"line":31,"column":null}}]},"2":{"loc":{"start":{"line":32,"column":4},"end":{"line":34,"column":null}},"type":"if","locations":[{"start":{"line":32,"column":4},"end":{"line":34,"column":null}},{"start":{"line":32,"column":4},"end":{"line":34,"column":null}}]},"3":{"loc":{"start":{"line":32,"column":8},"end":{"line":32,"column":30}},"type":"binary-expr","locations":[{"start":{"line":32,"column":8},"end":{"line":32,"column":30}},{"start":{"line":32,"column":34},"end":{"line":32,"column":50}}]}},"s":{"0":2,"1":46,"2":46,"3":46,"4":46,"5":2,"6":0,"7":2,"8":0,"9":2,"10":46,"11":2,"12":0,"13":0,"14":2,"15":46,"16":46,"17":0,"18":46,"19":2,"20":2},"f":{"0":2,"1":46,"2":0,"3":0,"4":46,"5":0,"6":46},"b":{"0":[0,46],"1":[0,46],"2":[0,46],"3":[46,0]}}
,"/home/gabrielsc/projects/random-db-populator/src/core/value-generator/auto-increment.ts": {"path":"/home/gabrielsc/projects/random-db-populator/src/core/value-generator/auto-increment.ts","statementMap":{"0":{"start":{"line":2,"column":0},"end":{"line":2,"column":40}},"1":{"start":{"line":5,"column":0},"end":{"line":5,"column":13}},"2":{"start":{"line":9,"column":4},"end":{"line":9,"column":38}},"3":{"start":{"line":13,"column":9},"end":{"line":16,"column":null}},"4":{"start":{"line":14,"column":4},"end":{"line":14,"column":67}},"5":{"start":{"line":15,"column":4},"end":{"line":15,"column":16}},"6":{"start":{"line":19,"column":9},"end":{"line":30,"column":null}},"7":{"start":{"line":19,"column":2},"end":{"line":19,"column":9}},"8":{"start":{"line":19,"column":38},"end":{"line":19,"column":null}},"9":{"start":{"line":21,"column":23},"end":{"line":21,"column":47}},"10":{"start":{"line":22,"column":28},"end":{"line":22,"column":73}},"11":{"start":{"line":24,"column":4},"end":{"line":29,"column":null}},"12":{"start":{"line":25,"column":6},"end":{"line":25,"column":42}},"13":{"start":{"line":27,"column":6},"end":{"line":27,"column":42}},"14":{"start":{"line":28,"column":6},"end":{"line":28,"column":23}},"15":{"start":{"line":31,"column":0},"end":{"line":31,"column":null}},"16":{"start":{"line":5,"column":13},"end":{"line":5,"column":26}}},"fnMap":{"0":{"name":"(anonymous_0)","decl":{"start":{"line":5,"column":0},"end":{"line":5,"column":13}},"loc":{"start":{"line":5,"column":0},"end":{"line":31,"column":null}}},"1":{"name":"AutoIncrement","decl":{"start":{"line":8,"column":2},"end":{"line":8,"column":null}},"loc":{"start":{"line":8,"column":2},"end":{"line":10,"column":3}}},"2":{"name":"(anonymous_2)","decl":{"start":{"line":13,"column":2},"end":{"line":13,"column":9}},"loc":{"start":{"line":13,"column":59},"end":{"line":16,"column":3}}},"3":{"name":"(anonymous_3)","decl":{"start":{"line":19,"column":2},"end":{"line":19,"column":9}},"loc":{"start":{"line":19,"column":61},"end":{"line":30,"column":3}}},"4":{"name":"(anonymous_4)","decl":{"start":{"line":24,"column":11},"end":{"line":24,"column":null}},"loc":{"start":{"line":24,"column":11},"end":{"line":29,"column":5}}}},"branchMap":{"0":{"loc":{"start":{"line":19,"column":38},"end":{"line":19,"column":null}},"type":"if","locations":[{"start":{"line":19,"column":38},"end":{"line":19,"column":null}},{"start":{"line":19,"column":38},"end":{"line":19,"column":null}}]},"1":{"loc":{"start":{"line":22,"column":53},"end":{"line":22,"column":69}},"type":"cond-expr","locations":[{"start":{"line":22,"column":53},"end":{"line":22,"column":69}},{"start":{"line":22,"column":72},"end":{"line":22,"column":73}}]}},"s":{"0":2,"1":2,"2":0,"3":2,"4":0,"5":0,"6":2,"7":0,"8":0,"9":0,"10":0,"11":0,"12":0,"13":0,"14":0,"15":2,"16":2},"f":{"0":2,"1":0,"2":0,"3":0,"4":0},"b":{"0":[0,0],"1":[0,0]}}
,"/home/gabrielsc/projects/random-db-populator/src/core/value-generator/date.ts": {"path":"/home/gabrielsc/projects/random-db-populator/src/core/value-generator/date.ts","statementMap":{"0":{"start":{"line":4,"column":0},"end":{"line":4,"column":32}},"1":{"start":{"line":5,"column":0},"end":{"line":5,"column":23}},"2":{"start":{"line":7,"column":15},"end":{"line":7,"column":27}},"3":{"start":{"line":38,"column":0},"end":{"line":38,"column":13}},"4":{"start":{"line":41,"column":16},"end":{"line":68,"column":null}},"5":{"start":{"line":42,"column":4},"end":{"line":67,"column":null}},"6":{"start":{"line":71,"column":16},"end":{"line":85,"column":null}},"7":{"start":{"line":71,"column":24},"end":{"line":71,"column":null}},"8":{"start":{"line":73,"column":22},"end":{"line":73,"column":86}},"9":{"start":{"line":75,"column":4},"end":{"line":84,"column":null}},"10":{"start":{"line":76,"column":19},"end":{"line":76,"column":49}},"11":{"start":{"line":77,"column":20},"end":{"line":77,"column":51}},"12":{"start":{"line":78,"column":18},"end":{"line":78,"column":47}},"13":{"start":{"line":79,"column":19},"end":{"line":79,"column":49}},"14":{"start":{"line":80,"column":21},"end":{"line":80,"column":53}},"15":{"start":{"line":81,"column":21},"end":{"line":81,"column":53}},"16":{"start":{"line":83,"column":6},"end":{"line":83,"column":62}},"17":{"start":{"line":92,"column":18},"end":{"line":96,"column":null}},"18":{"start":{"line":93,"column":6},"end":{"line":95,"column":null}},"19":{"start":{"line":94,"column":8},"end":{"line":94,"column":29}},"20":{"start":{"line":100,"column":0},"end":{"line":100,"column":null}},"21":{"start":{"line":38,"column":13},"end":{"line":38,"column":20}}},"fnMap":{"0":{"name":"(anonymous_1)","decl":{"start":{"line":38,"column":0},"end":{"line":38,"column":13}},"loc":{"start":{"line":38,"column":0},"end":{"line":100,"column":null}}},"1":{"name":"(anonymous_3)","decl":{"start":{"line":41,"column":2},"end":{"line":41,"column":16}},"loc":{"start":{"line":41,"column":2},"end":{"line":68,"column":3}}},"2":{"name":"(anonymous_4)","decl":{"start":{"line":71,"column":2},"end":{"line":71,"column":16}},"loc":{"start":{"line":71,"column":54},"end":{"line":85,"column":3}}},"3":{"name":"(anonymous_5)","decl":{"start":{"line":75,"column":11},"end":{"line":75,"column":null}},"loc":{"start":{"line":75,"column":11},"end":{"line":84,"column":5}}},"4":{"name":"(anonymous_6)","decl":{"start":{"line":92,"column":4},"end":{"line":92,"column":18}},"loc":{"start":{"line":92,"column":4},"end":{"line":96,"column":5}}},"5":{"name":"(anonymous_7)","decl":{"start":{"line":93,"column":13},"end":{"line":93,"column":null}},"loc":{"start":{"line":93,"column":13},"end":{"line":95,"column":7}}}},"branchMap":{"0":{"loc":{"start":{"line":71,"column":24},"end":{"line":71,"column":null}},"type":"if","locations":[{"start":{"line":71,"column":24},"end":{"line":71,"column":null}},{"start":{"line":71,"column":24},"end":{"line":71,"column":null}}]}},"s":{"0":2,"1":2,"2":2,"3":2,"4":2,"5":0,"6":2,"7":0,"8":0,"9":0,"10":0,"11":0,"12":0,"13":0,"14":0,"15":0,"16":0,"17":2,"18":0,"19":0,"20":2,"21":2},"f":{"0":2,"1":0,"2":0,"3":0,"4":0,"5":0},"b":{"0":[0,0]}}
,"/home/gabrielsc/projects/random-db-populator/src/core/value-generator/fixed.ts": {"path":"/home/gabrielsc/projects/random-db-populator/src/core/value-generator/fixed.ts","statementMap":{"0":{"start":{"line":7,"column":13},"end":{"line":11,"column":null}},"1":{"start":{"line":8,"column":2},"end":{"line":10,"column":null}},"2":{"start":{"line":9,"column":4},"end":{"line":9,"column":15}}},"fnMap":{"0":{"name":"(anonymous_0)","decl":{"start":{"line":7,"column":21},"end":{"line":7,"column":22}},"loc":{"start":{"line":7,"column":30},"end":{"line":11,"column":1}}},"1":{"name":"(anonymous_1)","decl":{"start":{"line":8,"column":9},"end":{"line":8,"column":null}},"loc":{"start":{"line":8,"column":9},"end":{"line":10,"column":3}}}},"branchMap":{},"s":{"0":2,"1":12,"2":12},"f":{"0":12,"1":12},"b":{}}
,"/home/gabrielsc/projects/random-db-populator/src/core/value-generator/last-value.ts": {"path":"/home/gabrielsc/projects/random-db-populator/src/core/value-generator/last-value.ts","statementMap":{"0":{"start":{"line":9,"column":13},"end":{"line":27,"column":null}},"1":{"start":{"line":9,"column":43},"end":{"line":9,"column":69}},"2":{"start":{"line":9,"column":69},"end":{"line":9,"column":null}},"3":{"start":{"line":11,"column":2},"end":{"line":25,"column":null}},"4":{"start":{"line":13,"column":47},"end":{"line":13,"column":76}},"5":{"start":{"line":15,"column":4},"end":{"line":18,"column":null}},"6":{"start":{"line":16,"column":36},"end":{"line":16,"column":56}},"7":{"start":{"line":17,"column":6},"end":{"line":17,"column":50}},"8":{"start":{"line":20,"column":4},"end":{"line":22,"column":null}},"9":{"start":{"line":21,"column":6},"end":{"line":21,"column":200}},"10":{"start":{"line":24,"column":4},"end":{"line":24,"column":24}}},"fnMap":{"0":{"name":"(anonymous_0)","decl":{"start":{"line":9,"column":25},"end":{"line":9,"column":26}},"loc":{"start":{"line":9,"column":128},"end":{"line":27,"column":1}}},"1":{"name":"(anonymous_1)","decl":{"start":{"line":11,"column":9},"end":{"line":11,"column":null}},"loc":{"start":{"line":11,"column":9},"end":{"line":25,"column":3}}}},"branchMap":{"0":{"loc":{"start":{"line":9,"column":43},"end":{"line":9,"column":69}},"type":"if","locations":[{"start":{"line":9,"column":43},"end":{"line":9,"column":69}},{"start":{"line":9,"column":43},"end":{"line":9,"column":69}}]},"1":{"loc":{"start":{"line":9,"column":69},"end":{"line":9,"column":null}},"type":"if","locations":[{"start":{"line":9,"column":69},"end":{"line":9,"column":null}},{"start":{"line":9,"column":69},"end":{"line":9,"column":null}}]},"2":{"loc":{"start":{"line":15,"column":4},"end":{"line":18,"column":null}},"type":"if","locations":[{"start":{"line":15,"column":4},"end":{"line":18,"column":null}},{"start":{"line":15,"column":4},"end":{"line":18,"column":null}}]},"3":{"loc":{"start":{"line":20,"column":4},"end":{"line":22,"column":null}},"type":"if","locations":[{"start":{"line":20,"column":4},"end":{"line":22,"column":null}},{"start":{"line":20,"column":4},"end":{"line":22,"column":null}}]}},"s":{"0":2,"1":0,"2":0,"3":0,"4":0,"5":0,"6":0,"7":0,"8":0,"9":0,"10":0},"f":{"0":0,"1":0},"b":{"0":[0,0],"1":[0,0],"2":[0,0],"3":[0,0]}}
[...]
63,"column":11},"end":{"line":163,"column":null}},"loc":{"start":{"line":163,"column":11},"end":{"line":165,"column":5}}},"30":{"name":"(anonymous_31)","decl":{"start":{"line":172,"column":2},"end":{"line":172,"column":16}},"loc":{"start":{"line":172,"column":2},"end":{"line":176,"column":3}}},"31":{"name":"(anonymous_32)","decl":{"start":{"line":173,"column":11},"end":{"line":173,"column":null}},"loc":{"start":{"line":173,"column":11},"end":{"line":175,"column":5}}},"32":{"name":"(anonymous_33)","decl":{"start":{"line":182,"column":2},"end":{"line":182,"column":16}},"loc":{"start":{"line":182,"column":95},"end":{"line":186,"column":3}}},"33":{"name":"(anonymous_34)","decl":{"start":{"line":183,"column":11},"end":{"line":183,"column":null}},"loc":{"start":{"line":183,"column":11},"end":{"line":185,"column":5}}},"34":{"name":"(anonymous_35)","decl":{"start":{"line":192,"column":2},"end":{"line":192,"column":16}},"loc":{"start":{"line":192,"column":120},"end":{"line":196,"column":3}}},"35":{"name":"(anonymous_36)","decl":{"start":{"line":193,"column":11},"end":{"line":193,"column":null}},"loc":{"start":{"line":193,"column":11},"end":{"line":195,"column":5}}},"36":{"name":"(anonymous_37)","decl":{"start":{"line":203,"column":2},"end":{"line":203,"column":16}},"loc":{"start":{"line":203,"column":2},"end":{"line":207,"column":3}}},"37":{"name":"(anonymous_38)","decl":{"start":{"line":204,"column":11},"end":{"line":204,"column":null}},"loc":{"start":{"line":204,"column":11},"end":{"line":206,"column":5}}},"38":{"name":"(anonymous_39)","decl":{"start":{"line":213,"column":2},"end":{"line":213,"column":16}},"loc":{"start":{"line":213,"column":67},"end":{"line":217,"column":3}}},"39":{"name":"(anonymous_40)","decl":{"start":{"line":214,"column":11},"end":{"line":214,"column":null}},"loc":{"start":{"line":214,"column":11},"end":{"line":216,"column":5}}}},"branchMap":{"0":{"loc":{"start":{"line":15,"column":23},"end":{"line":15,"column":40}},"type":"if","locations":[{"start":{"line":15,"column":23},"end":{"line":15,"column":40}},{"start":{"line":15,"column":23},"end":{"line":15,"column":40}}]},"1":{"loc":{"start":{"line":15,"column":40},"end":{"line":15,"column":59}},"type":"if","locations":[{"start":{"line":15,"column":40},"end":{"line":15,"column":59}},{"start":{"line":15,"column":40},"end":{"line":15,"column":59}}]},"2":{"loc":{"start":{"line":15,"column":59},"end":{"line":15,"column":null}},"type":"if","locations":[{"start":{"line":15,"column":59},"end":{"line":15,"column":null}},{"start":{"line":15,"column":59},"end":{"line":15,"column":null}}]},"3":{"loc":{"start":{"line":17,"column":6},"end":{"line":19,"column":null}},"type":"if","locations":[{"start":{"line":17,"column":6},"end":{"line":19,"column":null}},{"start":{"line":17,"column":6},"end":{"line":19,"column":null}}]},"4":{"loc":{"start":{"line":17,"column":10},"end":{"line":17,"column":18}},"type":"binary-expr","locations":[{"start":{"line":17,"column":10},"end":{"line":17,"column":18}},{"start":{"line":17,"column":22},"end":{"line":17,"column":34}}]},"5":{"loc":{"start":{"line":28,"column":23},"end":{"line":28,"column":null}},"type":"if","locations":[{"start":{"line":28,"column":23},"end":{"line":28,"column":null}},{"start":{"line":28,"column":23},"end":{"line":28,"column":null}}]},"6":{"loc":{"start":{"line":67,"column":24},"end":{"line":67,"column":null}},"type":"if","locations":[{"start":{"line":67,"column":24},"end":{"line":67,"column":null}},{"start":{"line":67,"column":24},"end":{"line":67,"column":null}}]},"7":{"loc":{"start":{"line":78,"column":26},"end":{"line":78,"column":null}},"type":"if","locations":[{"start":{"line":78,"column":26},"end":{"line":78,"column":null}},{"start":{"line":78,"column":26},"end":{"line":78,"column":null}}]},"8":{"loc":{"start":{"line":89,"column":25},"end":{"line":89,"column":null}},"type":"if","locations":[{"start":{"line":89,"column":25},"end":{"line":89,"column":null}},{"start":{"line":89,"column":25},"end":{"line":89,"column":null}}]},"9":{"loc":{"start":{"line":99,"column":25},"end":{"line":99,"column":null}},"type":"if","locations":[{"start":{"line":99,"column":25},"end":{"line":99,"column":null}},{"start":{"line":99,"column":25},"end":{"line":99,"column":null}}]},"10":{"loc":{"start":{"line":110,"column":22},"end":{"line":110,"column":null}},"type":"if","locations":[{"start":{"line":110,"column":22},"end":{"line":110,"column":null}},{"start":{"line":110,"column":22},"end":{"line":110,"column":null}}]},"11":{"loc":{"start":{"line":121,"column":21},"end":{"line":121,"column":null}},"type":"if","locations":[{"start":{"line":121,"column":21},"end":{"line":121,"column":null}},{"start":{"line":121,"column":21},"end":{"line":121,"column":null}}]},"12":{"loc":{"start":{"line":132,"column":25},"end":{"line":132,"column":null}},"type":"if","locations":[{"start":{"line":132,"column":25},"end":{"line":132,"column":null}},{"start":{"line":132,"column":25},"end":{"line":132,"column":null}}]},"13":{"loc":{"start":{"line":142,"column":21},"end":{"line":142,"column":null}},"type":"if","locations":[{"start":{"line":142,"column":21},"end":{"line":142,"column":null}},{"start":{"line":142,"column":21},"end":{"line":142,"column":null}}]},"14":{"loc":{"start":{"line":152,"column":21},"end":{"line":152,"column":null}},"type":"if","locations":[{"start":{"line":152,"column":21},"end":{"line":152,"column":null}},{"start":{"line":152,"column":21},"end":{"line":152,"column":null}}]},"15":{"loc":{"start":{"line":162,"column":21},"end":{"line":162,"column":null}},"type":"if","locations":[{"start":{"line":162,"column":21},"end":{"line":162,"column":null}},{"start":{"line":162,"column":21},"end":{"line":162,"column":null}}]},"16":{"loc":{"start":{"line":182,"column":26},"end":{"line":182,"column":null}},"type":"if","locations":[{"start":{"line":182,"column":26},"end":{"line":182,"column":null}},{"start":{"line":182,"column":26},"end":{"line":182,"column":null}}]},"17":{"loc":{"start":{"line":192,"column":23},"end":{"line":192,"column":null}},"type":"if","locations":[{"start":{"line":192,"column":23},"end":{"line":192,"column":null}},{"start":{"line":192,"column":23},"end":{"line":192,"column":null}}]},"18":{"loc":{"start":{"line":213,"column":24},"end":{"line":213,"column":null}},"type":"if","locations":[{"start":{"line":213,"column":24},"end":{"line":213,"column":null}},{"start":{"line":213,"column":24},"end":{"line":213,"column":null}}]}},"s":{"0":2,"1":2,"2":2,"3":2,"4":2,"5":0,"6":0,"7":0,"8":0,"9":0,"10":0,"11":0,"12":2,"13":0,"14":0,"15":0,"16":2,"17":0,"18":2,"19":0,"20":0,"21":2,"22":0,"23":0,"24":2,"25":0,"26":0,"27":0,"28":2,"29":0,"30":0,"31":0,"32":2,"33":0,"34":0,"35":0,"36":2,"37":0,"38":0,"39":0,"40":2,"41":0,"42":0,"43":0,"44":2,"45":0,"46":0,"47":0,"48":2,"49":0,"50":0,"51":0,"52":2,"53":0,"54":0,"55":0,"56":2,"57":0,"58":0,"59":0,"60":2,"61":0,"62":0,"63":0,"64":2,"65":0,"66":0,"67":2,"68":0,"69":0,"70":0,"71":2,"72":0,"73":0,"74":0,"75":2,"76":0,"77":0,"78":2,"79":0,"80":0,"81":0,"82":2,"83":2,"84":2},"f":{"0":2,"1":0,"2":0,"3":0,"4":0,"5":0,"6":0,"7":0,"8":0,"9":0,"10":0,"11":0,"12":0,"13":0,"14":0,"15":0,"16":0,"17":0,"18":0,"19":0,"20":0,"21":0,"22":0,"23":0,"24":0,"25":0,"26":0,"27":0,"28":0,"29":0,"30":0,"31":0,"32":0,"33":0,"34":0,"35":0,"36":0,"37":0,"38":0,"39":0},"b":{"0":[0,0],"1":[0,0],"2":[0,0],"3":[0,0],"4":[0,0],"5":[0,0],"6":[0,0],"7":[0,0],"8":[0,0],"9":[0,0],"10":[0,0],"11":[0,0],"12":[0,0],"13":[0,0],"14":[0,0],"15":[0,0],"16":[0,0],"17":[0,0],"18":[0,0]}}
,"/home/gabrielsc/projects/random-db-populator/src/impl/mysql.database.ts": {"path":"/home/gabrielsc/projects/random-db-populator/src/impl/mysql.database.ts","statementMap":{"0":{"start":{"line":1,"column":0},"end":{"line":1,"column":53}},"1":{"start":{"line":2,"column":0},"end":{"line":2,"column":63}},"2":{"start":{"line":3,"column":0},"end":{"line":3,"column":57}},"3":{"start":{"line":4,"column":0},"end":{"line":4,"column":65}},"4":{"start":{"line":5,"column":0},"end":{"line":5,"column":55}},"5":{"start":{"line":6,"column":0},"end":{"line":6,"column":61}},"6":{"start":{"line":7,"column":0},"end":{"line":7,"column":55}},"7":{"start":{"line":8,"column":0},"end":{"line":8,"column":61}},"8":{"start":{"line":10,"column":0},"end":{"line":10,"column":61}},"9":{"start":{"line":12,"column":0},"end":{"line":12,"column":null}},"10":{"start":{"line":12,"column":35},"end":{"line":12,"column":43}},"11":{"start":{"line":14,"column":2},"end":{"line":14,"column":null}},"12":{"start":{"line":15,"column":26},"end":{"line":15,"column":53}},"13":{"start":{"line":16,"column":4},"end":{"line":16,"column":40}},"14":{"start":{"line":18,"column":4},"end":{"line":18,"column":25}},"15":{"start":{"line":20,"column":4},"end":{"line":20,"column":52}},"16":{"start":{"line":21,"column":4},"end":{"line":21,"column":52}},"17":{"start":{"line":22,"column":4},"end":{"line":22,"column":49}},"18":{"start":{"line":23,"column":4},"end":{"line":23,"column":50}},"19":{"start":{"line":24,"column":4},"end":{"line":24,"column":54}},"20":{"start":{"line":25,"column":4},"end":{"line":25,"column":49}},"21":{"start":{"line":26,"column":4},"end":{"line":26,"column":53}},"22":{"start":{"line":29,"column":12},"end":{"line":31,"column":null}},"23":{"start":{"line":30,"column":4},"end":{"line":30,"column":30}},"24":{"start":{"line":33,"column":12},"end":{"line":40,"column":null}},"25":{"start":{"line":34,"column":28},"end":{"line":34,"column":63}},"26":{"start":{"line":35,"column":28},"end":{"line":35,"column":65}},"27":{"start":{"line":37,"column":18},"end":{"line":37,"column":35}},"28":{"start":{"line":39,"column":4},"end":{"line":39,"column":67}},"29":{"start":{"line":42,"column":12},"end":{"line":54,"column":null}},"30":{"start":{"line":43,"column":22},"end":{"line":43,"column":39}},"31":{"start":{"line":45,"column":32},"end":{"line":45,"column":34}},"32":{"start":{"line":47,"column":4},"end":{"line":49,"column":7}},"33":{"start":{"line":48,"column":6},"end":{"line":48,"column":47}},"34":{"start":{"line":51,"column":18},"end":{"line":51,"column":41}},"35":{"start":{"line":53,"column":4},"end":{"line":53,"column":54}},"36":{"start":{"line":55,"column":0},"end":{"line":55,"column":null}},"37":{"start":{"line":12,"column":13},"end":{"line":12,"column":26}}},"fnMap":{"0":{"name":"(anonymous_6)","decl":{"start":{"line":12,"column":0},"end":{"line":12,"column":13}},"loc":{"start":{"line":12,"column":0},"end":{"line":55,"column":null}}},"1":{"name":"MySQLDatabase","decl":{"start":{"line":14,"column":2},"end":{"line":14,"column":null}},"loc":{"start":{"line":14,"column":2},"end":{"line":27,"column":3}}},"2":{"name":"(anonymous_8)","decl":{"start":{"line":29,"column":2},"end":{"line":29,"column":12}},"loc":{"start":{"line":29,"column":41},"end":{"line":31,"column":3}}},"3":{"name":"(anonymous_9)","decl":{"start":{"line":33,"column":2},"end":{"line":33,"column":12}},"loc":{"start":{"line":33,"column":53},"end":{"line":40,"column":3}}},"4":{"name":"(anonymous_10)","decl":{"start":{"line":42,"column":2},"end":{"line":42,"column":12}},"loc":{"start":{"line":42,"column":53},"end":{"line":54,"column":3}}},"5":{"name":"(anonymous_11)","decl":{"start":{"line":47,"column":32},"end":{"line":47,"column":33}},"loc":{"start":{"line":47,"column":66},"end":{"line":49,"column":5}}}},"branchMap":{"0":{"loc":{"start":{"line":18,"column":4},"end":{"line":18,"column":24}},"type":"binary-expr","locations":[{"start":{"line":18,"column":4},"end":{"line":18,"column":24}},{"start":{"line":18,"column":24},"end":{"line":18,"column":25}}]}},"s":{"0":2,"1":2,"2":2,"3":2,"4":2,"5":2,"6":2,"7":2,"8":2,"9":2,"10":2,"11":1,"12":1,"13":1,"14":1,"15":1,"16":1,"17":1,"18":1,"19":1,"20":1,"21":1,"22":2,"23":1,"24":2,"25":1,"26":1,"27":1,"28":1,"29":2,"30":1,"31":1,"32":1,"33":2,"34":1,"35":1,"36":2,"37":2},"f":{"0":2,"1":1,"2":1,"3":1,"4":1,"5":2},"b":{"0":[1,1]}}
,"/home/gabrielsc/projects/random-db-populator/src/impl/postgres.database.ts": {"path":"/home/gabrielsc/projects/random-db-populator/src/impl/postgres.database.ts","statementMap":{"0":{"start":{"line":1,"column":0},"end":{"line":1,"column":53}},"1":{"start":{"line":2,"column":0},"end":{"line":2,"column":63}},"2":{"start":{"line":3,"column":0},"end":{"line":3,"column":57}},"3":{"start":{"line":4,"column":0},"end":{"line":4,"column":65}},"4":{"start":{"line":5,"column":0},"end":{"line":5,"column":55}},"5":{"start":{"line":6,"column":0},"end":{"line":6,"column":61}},"6":{"start":{"line":7,"column":0},"end":{"line":7,"column":55}},"7":{"start":{"line":8,"column":0},"end":{"line":8,"column":61}},"8":{"start":{"line":10,"column":0},"end":{"line":10,"column":61}},"9":{"start":{"line":12,"column":0},"end":{"line":12,"column":null}},"10":{"start":{"line":12,"column":38},"end":{"line":12,"column":46}},"11":{"start":{"line":14,"column":2},"end":{"line":14,"column":null}},"12":{"start":{"line":16,"column":26},"end":{"line":16,"column":53}},"13":{"start":{"line":17,"column":4},"end":{"line":17,"column":25}},"14":{"start":{"line":19,"column":4},"end":{"line":19,"column":52}},"15":{"start":{"line":20,"column":4},"end":{"line":20,"column":52}},"16":{"start":{"line":21,"column":4},"end":{"line":21,"column":49}},"17":{"start":{"line":22,"column":4},"end":{"line":22,"column":50}},"18":{"start":{"line":23,"column":4},"end":{"line":23,"column":54}},"19":{"start":{"line":24,"column":4},"end":{"line":24,"column":49}},"20":{"start":{"line":25,"column":4},"end":{"line":25,"column":53}},"21":{"start":{"line":28,"column":12},"end":{"line":30,"column":null}},"22":{"start":{"line":29,"column":4},"end":{"line":29,"column":30}},"23":{"start":{"line":32,"column":12},"end":{"line":39,"column":null}},"24":{"start":{"line":33,"column":28},"end":{"line":33,"column":63}},"25":{"start":{"line":34,"column":28},"end":{"line":34,"column":65}},"26":{"start":{"line":36,"column":18},"end":{"line":36,"column":35}},"27":{"start":{"line":38,"column":4},"end":{"line":38,"column":67}},"28":{"start":{"line":41,"column":12},"end":{"line":53,"column":null}},"29":{"start":{"line":42,"column":22},"end":{"line":42,"column":39}},"30":{"start":{"line":44,"column":32},"end":{"line":44,"column":34}},"31":{"start":{"line":46,"column":4},"end":{"line":48,"column":7}},"32":{"start":{"line":47,"column":6},"end":{"line":47,"column":47}},"33":{"start":{"line":50,"column":18},"end":{"line":50,"column":41}},"34":{"start":{"line":52,"column":4},"end":{"line":52,"column":54}},"35":{"start":{"line":54,"column":0},"end":{"line":54,"column":null}},"36":{"start":{"line":12,"column":13},"end":{"line":12,"column":29}}},"fnMap":{"0":{"name":"(anonymous_6)","decl":{"start":{"line":12,"column":0},"end":{"line":12,"column":13}},"loc":{"start":{"line":12,"column":0},"end":{"line":54,"column":null}}},"1":{"name":"PostgresDatabase","decl":{"start":{"line":14,"column":2},"end":{"line":14,"column":null}},"loc":{"start":{"line":14,"column":2},"end":{"line":26,"column":3}}},"2":{"name":"(anonymous_8)","decl":{"start":{"line":28,"column":2},"end":{"line":28,"column":12}},"loc":{"start":{"line":28,"column":41},"end":{"line":30,"column":3}}},"3":{"name":"(anonymous_9)","decl":{"start":{"line":32,"column":2},"end":{"line":32,"column":12}},"loc":{"start":{"line":32,"column":53},"end":{"line":39,"column":3}}},"4":{"name":"(anonymous_10)","decl":{"start":{"line":41,"column":2},"end":{"line":41,"column":12}},"loc":{"start":{"line":41,"column":53},"end":{"line":53,"column":3}}},"5":{"name":"(anonymous_11)","decl":{"start":{"line":46,"column":32},"end":{"line":46,"column":33}},"loc":{"start":{"line":46,"column":66},"end":{"line":48,"column":5}}}},"branchMap":{"0":{"loc":{"start":{"line":17,"column":4},"end":{"line":17,"column":24}},"type":"binary-expr","locations":[{"start":{"line":17,"column":4},"end":{"line":17,"column":24}},{"start":{"line":17,"column":24},"end":{"line":17,"column":25}}]}},"s":{"0":2,"1":2,"2":2,"3":2,"4":2,"5":2,"6":2,"7":2,"8":2,"9":2,"10":2,"11":1,"12":1,"13":1,"14":1,"15":1,"16":1,"17":1,"18":1,"19":1,"20":1,"21":2,"22":1,"23":2,"24":1,"25":1,"26":1,"27":1,"28":2,"29":1,"30":1,"31":1,"32":2,"33":1,"34":1,"35":2,"36":2},"f":{"0":2,"1":1,"2":1,"3":1,"4":1,"5":2},"b":{"0":[1,1]}}
,"/home/gabrielsc/projects/random-db-populator/src/shortcut/database.ts": {"path":"/home/gabrielsc/projects/random-db-populator/src/shortcut/database.ts","statementMap":{"0":{"start":{"line":1,"column":0},"end":{"line":1,"column":9}},"1":{"start":{"line":1,"column":9},"end":{"line":1,"column":48}},"2":{"start":{"line":2,"column":0},"end":{"line":2,"column":9}},"3":{"start":{"line":2,"column":9},"end":{"line":2,"column":52}},"4":{"start":{"line":3,"column":0},"end":{"line":3,"column":9}},"5":{"start":{"line":3,"column":9},"end":{"line":3,"column":71}},"6":{"start":{"line":4,"column":0},"end":{"line":4,"column":9}},"7":{"start":{"line":4,"column":9},"end":{"line":4,"column":46}},"8":{"start":{"line":5,"column":0},"end":{"line":5,"column":9}},"9":{"start":{"line":5,"column":9},"end":{"line":5,"column":60}},"10":{"start":{"line":6,"column":0},"end":{"line":6,"column":9}},"11":{"start":{"line":6,"column":9},"end":{"line":6,"column":54}}},"fnMap":{"0":{"name":"(anonymous_0)","decl":{"start":{"line":1,"column":9},"end":{"line":1,"column":15}},"loc":{"start":{"line":1,"column":9},"end":{"line":1,"column":48}}},"1":{"name":"(anonymous_1)","decl":{"start":{"line":2,"column":9},"end":{"line":2,"column":17}},"loc":{"start":{"line":2,"column":9},"end":{"line":2,"column":52}}},"2":{"name":"(anonymous_2)","decl":{"start":{"line":3,"column":9},"end":{"line":3,"column":30}},"loc":{"start":{"line":3,"column":9},"end":{"line":3,"column":71}}},"3":{"name":"(anonymous_3)","decl":{"start":{"line":4,"column":9},"end":{"line":4,"column":14}},"loc":{"start":{"line":4,"column":9},"end":{"line":4,"column":46}}},"4":{"name":"(anonymous_4)","decl":{"start":{"line":5,"column":9},"end":{"line":5,"column":25}},"loc":{"start":{"line":5,"column":9},"end":{"line":5,"column":60}}},"5":{"name":"(anonymous_5)","decl":{"start":{"line":6,"column":9},"end":{"line":6,"column":22}},"loc":{"start":{"line":6,"column":9},"end":{"line":6,"column":54}}}},"branchMap":{},"s":{"0":2,"1":2,"2":2,"3":2,"4":2,"5":4,"6":2,"7":2,"8":2,"9":3,"10":2,"11":2},"f":{"0":0,"1":0,"2":2,"3":0,"4":1,"5":0},"b":{}}
,"/home/gabrielsc/projects/random-db-populator/src/shortcut/value-gen.ts": {"path":"/home/gabrielsc/projects/random-db-populator/src/shortcut/value-gen.ts","statementMap":{"0":{"start":{"line":1,"column":0},"end":{"line":1,"column":9}},"1":{"start":{"line":1,"column":9},"end":{"line":1,"column":71}},"2":{"start":{"line":2,"column":0},"end":{"line":2,"column":9}},"3":{"start":{"line":2,"column":9},"end":{"line":2,"column":55}},"4":{"start":{"line":3,"column":0},"end":{"line":3,"column":9}},"5":{"start":{"line":3,"column":9},"end":{"line":3,"column":54}},"6":{"start":{"line":4,"column":0},"end":{"line":4,"column":9}},"7":{"start":{"line":4,"column":9},"end":{"line":4,"column":63}},"8":{"start":{"line":5,"column":0},"end":{"line":5,"column":9}},"9":{"start":{"line":5,"column":9},"end":{"line":5,"column":56}}},"fnMap":{"0":{"name":"(anonymous_0)","decl":{"start":{"line":1,"column":9},"end":{"line":1,"column":22}},"loc":{"start":{"line":1,"column":9},"end":{"line":1,"column":71}}},"1":{"name":"(anonymous_1)","decl":{"start":{"line":2,"column":9},"end":{"line":2,"column":16}},"loc":{"start":{"line":2,"column":9},"end":{"line":2,"column":55}}},"2":{"name":"(anonymous_2)","decl":{"start":{"line":3,"column":9},"end":{"line":3,"column":14}},"loc":{"start":{"line":3,"column":9},"end":{"line":3,"column":54}}},"3":{"name":"(anonymous_3)","decl":{"start":{"line":4,"column":9},"end":{"line":4,"column":18}},"loc":{"start":{"line":4,"column":9},"end":{"line":4,"column":63}}},"4":{"name":"(anonymous_4)","decl":{"start":{"line":5,"column":9},"end":{"line":5,"column":15}},"loc":{"start":{"line":5,"column":9},"end":{"line":5,"column":56}}}},"branchMap":{},"s":{"0":2,"1":2,"2":2,"3":2,"4":2,"5":14,"6":2,"7":2,"8":2,"9":2},"f":{"0":0,"1":0,"2":12,"3":0,"4":0},"b":{}}
}
