{"/home/gabrielsc/projects/random-db-populator/src/core/database/reserved-words.ts": {"path":"/home/gabrielsc/projects/random-db-populator/src/core/database/reserved-words.ts","statementMap":{"0":{"start":{"line":4,"column":22},"end":{"line":4,"column":25}},"1":{"start":{"line":5,"column":22},"end":{"line":5,"column":25}},"2":{"start":{"line":8,"column":0},"end":{"line":8,"column":13}},"3":{"start":{"line":9,"column":9},"end":{"line":9,"column":31}},"4":{"start":{"line":10,"column":9},"end":{"line":10,"column":49}},"5":{"start":{"line":11,"column":9},"end":{"line":11,"column":51}},"6":{"start":{"line":13,"column":9},"end":{"line":16,"column":null}},"7":{"start":{"line":18,"column":0},"end":{"line":18,"column":null}},"8":{"start":{"line":8,"column":13},"end":{"line":8,"column":34}}},"fnMap":{"0":{"name":"(anonymous_0)","decl":{"start":{"line":8,"column":0},"end":{"line":8,"column":13}},"loc":{"start":{"line":8,"column":0},"end":{"line":18,"column":null}}}},"branchMap":{},"s":{"0":8,"1":8,"2":8,"3":8,"4":8,"5":8,"6":8,"7":8,"8":8},"f":{"0":16},"b":{}}
,"/home/gabrielsc/projects/random-db-populator/src/core/parsers/boolean.parser.ts": {"path":"/home/gabrielsc/projects/random-db-populator/src/core/parsers/boolean.parser.ts","statementMap":{"0":{"start":{"line":2,"column":0},"end":{"line":2,"column":34}},"1":{"start":{"line":5,"column":0},"end":{"line":5,"column":null}},"2":{"start":{"line":5,"column":35},"end":{"line":5,"column":41}},"3":{"start":{"line":5,"column":0},"end":{"line":5,"column":13}},"4":{"start":{"line":7,"column":9},"end":{"line":7,"column":34}},"5":{"start":{"line":8,"column":9},"end":{"line":8,"column":59}},"6":{"start":{"line":10,"column":9},"end":{"line":18,"column":null}},"7":{"start":{"line":12,"column":4},"end":{"line":14,"column":null}},"8":{"start":{"line":13,"column":8},"end":{"line":13,"column":36}},"9":{"start":{"line":16,"column":17},"end":{"line":16,"column":43}},"10":{"start":{"line":17,"column":4},"end":{"line":17,"column":44}},"11":{"start":{"line":19,"column":0},"end":{"line":19,"column":null}},"12":{"start":{"line":5,"column":13},"end":{"line":5,"column":26}}},"fnMap":{"0":{"name":"(anonymous_6)","decl":{"start":{"line":5,"column":0},"end":{"line":5,"column":13}},"loc":{"start":{"line":5,"column":0},"end":{"line":19,"column":null}}},"1":{"name":"(anonymous_8)","decl":{"start":{"line":10,"column":2},"end":{"line":10,"column":9}},"loc":{"start":{"line":10,"column":23},"end":{"line":18,"column":3}}}},"branchMap":{"0":{"loc":{"start":{"line":5,"column":0},"end":{"line":5,"column":13}},"type":"binary-expr","locations":[{"start":{"line":5,"column":0},"end":{"line":5,"column":13}},{"start":{"line":5,"column":0},"end":{"line":5,"column":13}},{"start":{"line":5,"column":0},"end":{"line":5,"column":13}}]},"1":{"loc":{"start":{"line":12,"column":4},"end":{"line":14,"column":null}},"type":"if","locations":[{"start":{"line":12,"column":4},"end":{"line":14,"column":null}},{"start":{"line":12,"column":4},"end":{"line":14,"column":null}}]},"2":{"loc":{"start":{"line":12,"column":7},"end":{"line":12,"column":24}},"type":"binary-expr","locations":[{"start":{"line":12,"column":7},"end":{"line":12,"column":24}},{"start":{"line":12,"column":28},"end":{"line":12,"column":40}}]},"3":{"loc":{"start":{"line":17,"column":21},"end":{"line":17,"column":30}},"type":"cond-expr","locations":[{"start":{"line":17,"column":21},"end":{"line":17,"column":30}},{"start":{"line":17,"column":33},"end":{"line":17,"column":43}}]}},"s":{"0":1,"1":1,"2":1,"3":2,"4":2,"5":2,"6":1,"7":6,"8":2,"9":4,"10":4,"11":1,"12":1},"f":{"0":3,"1":6},"b":{"0":[2,2,2],"1":[2,4],"2":[6,5],"3":[3,1]}}
,"/home/gabrielsc/projects/random-db-populator/src/core/parsers/date.parser.ts": {"path":"/home/gabrielsc/projects/random-db-populator/src/core/parsers/date.parser.ts","statementMap":{"0":{"start":{"line":1,"column":0},"end":{"line":1,"column":28}},"1":{"start":{"line":4,"column":0},"end":{"line":4,"column":34}},"2":{"start":{"line":6,"column":0},"end":{"line":6,"column":null}},"3":{"start":{"line":6,"column":32},"end":{"line":6,"column":38}},"4":{"start":{"line":11,"column":67},"end":{"line":11,"column":null}},"5":{"start":{"line":12,"column":4},"end":{"line":12,"column":null}},"6":{"start":{"line":11,"column":67},"end":{"line":11,"column":96}},"7":{"start":{"line":8,"column":9},"end":{"line":8,"column":31}},"8":{"start":{"line":13,"column":4},"end":{"line":13,"column":64}},"9":{"start":{"line":16,"column":9},"end":{"line":27,"column":null}},"10":{"start":{"line":17,"column":4},"end":{"line":19,"column":null}},"11":{"start":{"line":18,"column":6},"end":{"line":18,"column":34}},"12":{"start":{"line":21,"column":4},"end":{"line":23,"column":null}},"13":{"start":{"line":22,"column":6},"end":{"line":22,"column":106}},"14":{"start":{"line":25,"column":31},"end":{"line":25,"column":62}},"15":{"start":{"line":26,"column":4},"end":{"line":26,"column":38}},"16":{"start":{"line":28,"column":0},"end":{"line":28,"column":null}},"17":{"start":{"line":6,"column":13},"end":{"line":6,"column":23}}},"fnMap":{"0":{"name":"(anonymous_7)","decl":{"start":{"line":6,"column":0},"end":{"line":6,"column":13}},"loc":{"start":{"line":6,"column":0},"end":{"line":28,"column":null}}},"1":{"name":"DateParser","decl":{"start":{"line":11,"column":2},"end":{"line":11,"column":21}},"loc":{"start":{"line":11,"column":96},"end":{"line":14,"column":3}}},"2":{"name":"(anonymous_9)","decl":{"start":{"line":16,"column":2},"end":{"line":16,"column":9}},"loc":{"start":{"line":16,"column":24},"end":{"line":27,"column":3}}}},"branchMap":{"0":{"loc":{"start":{"line":11,"column":67},"end":{"line":11,"column":null}},"type":"if","locations":[{"start":{"line":11,"column":67},"end":{"line":11,"column":null}},{"start":{"line":11,"column":67},"end":{"line":11,"column":null}}]},"1":{"loc":{"start":{"line":12,"column":4},"end":{"line":12,"column":24}},"type":"binary-expr","locations":[{"start":{"line":12,"column":4},"end":{"line":12,"column":24}},{"start":{"line":12,"column":24},"end":{"line":12,"column":null}}]},"2":{"loc":{"start":{"line":17,"column":4},"end":{"line":19,"column":null}},"type":"if","locations":[{"start":{"line":17,"column":4},"end":{"line":19,"column":null}},{"start":{"line":17,"column":4},"end":{"line":19,"column":null}}]},"3":{"loc":{"start":{"line":17,"column":8},"end":{"line":17,"column":20}},"type":"binary-expr","locations":[{"start":{"line":17,"column":8},"end":{"line":17,"column":20}},{"start":{"line":17,"column":24},"end":{"line":17,"column":41}}]},"4":{"loc":{"start":{"line":21,"column":4},"end":{"line":23,"column":null}},"type":"if","locations":[{"start":{"line":21,"column":4},"end":{"line":23,"column":null}},{"start":{"line":21,"column":4},"end":{"line":23,"column":null}}]}},"s":{"0":2,"1":2,"2":2,"3":2,"4":15,"5":10,"6":10,"7":10,"8":10,"9":2,"10":10,"11":2,"12":8,"13":6,"14":2,"15":2,"16":2,"17":2},"f":{"0":2,"1":10,"2":10},"b":{"0":[5,5],"1":[10,10],"2":[2,8],"3":[10,9],"4":[6,2]}}
,"/home/gabrielsc/projects/random-db-populator/src/core/parsers/datetime.parser.ts": {"path":"/home/gabrielsc/projects/random-db-populator/src/core/parsers/datetime.parser.ts","statementMap":{"0":{"start":{"line":2,"column":0},"end":{"line":2,"column":43}},"1":{"start":{"line":4,"column":0},"end":{"line":4,"column":null}},"2":{"start":{"line":4,"column":36},"end":{"line":4,"column":46}},"3":{"start":{"line":8,"column":60},"end":{"line":8,"column":null}},"4":{"start":{"line":9,"column":4},"end":{"line":9,"column":null}},"5":{"start":{"line":6,"column":9},"end":{"line":6,"column":35}},"6":{"start":{"line":11,"column":0},"end":{"line":11,"column":null}},"7":{"start":{"line":4,"column":13},"end":{"line":4,"column":27}}},"fnMap":{"0":{"name":"(anonymous_6)","decl":{"start":{"line":4,"column":0},"end":{"line":4,"column":13}},"loc":{"start":{"line":4,"column":0},"end":{"line":11,"column":null}}},"1":{"name":"DateTimeParser","decl":{"start":{"line":8,"column":2},"end":{"line":8,"column":21}},"loc":{"start":{"line":8,"column":98},"end":{"line":10,"column":3}}}},"branchMap":{"0":{"loc":{"start":{"line":8,"column":60},"end":{"line":8,"column":null}},"type":"if","locations":[{"start":{"line":8,"column":60},"end":{"line":8,"column":null}},{"start":{"line":8,"column":60},"end":{"line":8,"column":null}}]},"1":{"loc":{"start":{"line":9,"column":4},"end":{"line":9,"column":32}},"type":"binary-expr","locations":[{"start":{"line":9,"column":4},"end":{"line":9,"column":32}},{"start":{"line":9,"column":32},"end":{"line":9,"column":null}}]}},"s":{"0":1,"1":1,"2":1,"3":10,"4":5,"5":5,"6":1,"7":1},"f":{"0":1,"1":5},"b":{"0":[5,0],"1":[5,0]}}
,"/home/gabrielsc/projects/random-db-populator/src/core/parsers/entity.parser.ts": {"path":"/home/gabrielsc/projects/random-db-populator/src/core/parsers/entity.parser.ts","statementMap":{"0":{"start":{"line":1,"column":0},"end":{"line":1,"column":34}},"1":{"start":{"line":3,"column":0},"end":{"line":3,"column":34}},"2":{"start":{"line":9,"column":0},"end":{"line":9,"column":null}},"3":{"start":{"line":9,"column":34},"end":{"line":9,"column":40}},"4":{"start":{"line":9,"column":0},"end":{"line":9,"column":13}},"5":{"start":{"line":11,"column":9},"end":{"line":11,"column":33}},"6":{"start":{"line":12,"column":9},"end":{"line":12,"column":95}},"7":{"start":{"line":14,"column":9},"end":{"line":21,"column":null}},"8":{"start":{"line":16,"column":4},"end":{"line":18,"column":null}},"9":{"start":{"line":17,"column":6},"end":{"line":17,"column":110}},"10":{"start":{"line":20,"column":4},"end":{"line":20,"column":42}},"11":{"start":{"line":22,"column":0},"end":{"line":22,"column":null}},"12":{"start":{"line":9,"column":13},"end":{"line":9,"column":25}}},"fnMap":{"0":{"name":"(anonymous_6)","decl":{"start":{"line":9,"column":0},"end":{"line":9,"column":13}},"loc":{"start":{"line":9,"column":0},"end":{"line":22,"column":null}}},"1":{"name":"(anonymous_8)","decl":{"start":{"line":14,"column":2},"end":{"line":14,"column":9}},"loc":{"start":{"line":14,"column":23},"end":{"line":21,"column":3}}}},"branchMap":{"0":{"loc":{"start":{"line":9,"column":0},"end":{"line":9,"column":13}},"type":"binary-expr","locations":[{"start":{"line":9,"column":0},"end":{"line":9,"column":13}},{"start":{"line":9,"column":0},"end":{"line":9,"column":13}},{"start":{"line":9,"column":0},"end":{"line":9,"column":13}}]},"1":{"loc":{"start":{"line":16,"column":4},"end":{"line":18,"column":null}},"type":"if","locations":[{"start":{"line":16,"column":4},"end":{"line":18,"column":null}},{"start":{"line":16,"column":4},"end":{"line":18,"column":null}}]}},"s":{"0":1,"1":1,"2":1,"3":1,"4":5,"5":5,"6":5,"7":1,"8":4,"9":3,"10":1,"11":1,"12":1},"f":{"0":6,"1":4},"b":{"0":[5,5,5],"1":[3,1]}}
,"/home/gabrielsc/projects/random-db-populator/src/core/parsers/int.parser.ts": {"path":"/home/gabrielsc/projects/random-db-populator/src/core/parsers/int.parser.ts","statementMap":{"0":{"start":{"line":2,"column":0},"end":{"line":2,"column":47}},"1":{"start":{"line":4,"column":0},"end":{"line":4,"column":null}},"2":{"start":{"line":4,"column":31},"end":{"line":4,"column":43}},"3":{"start":{"line":4,"column":0},"end":{"line":4,"column":13}},"4":{"start":{"line":6,"column":9},"end":{"line":6,"column":30}},"5":{"start":{"line":7,"column":9},"end":{"line":7,"column":31}},"6":{"start":{"line":8,"column":9},"end":{"line":8,"column":53}},"7":{"start":{"line":9,"column":0},"end":{"line":9,"column":null}},"8":{"start":{"line":4,"column":13},"end":{"line":4,"column":22}}},"fnMap":{"0":{"name":"(anonymous_6)","decl":{"start":{"line":4,"column":0},"end":{"line":4,"column":13}},"loc":{"start":{"line":4,"column":0},"end":{"line":9,"column":null}}}},"branchMap":{"0":{"loc":{"start":{"line":4,"column":0},"end":{"line":4,"column":13}},"type":"binary-expr","locations":[{"start":{"line":4,"column":0},"end":{"line":4,"column":13}},{"start":{"line":4,"column":0},"end":{"line":4,"column":13}},{"start":{"line":4,"column":0},"end":{"line":4,"column":13}}]}},"s":{"0":1,"1":1,"2":1,"3":4,"4":4,"5":4,"6":4,"7":1,"8":1},"f":{"0":5},"b":{"0":[4,4,0]}}
,"/home/gabrielsc/projects/random-db-populator/src/core/parsers/number.parser.ts": {"path":"/home/gabrielsc/projects/random-db-populator/src/core/parsers/number.parser.ts","statementMap":{"0":{"start":{"line":1,"column":0},"end":{"line":1,"column":54}},"1":{"start":{"line":3,"column":0},"end":{"line":3,"column":34}},"2":{"start":{"line":6,"column":0},"end":{"line":6,"column":null}},"3":{"start":{"line":6,"column":34},"end":{"line":6,"column":40}},"4":{"start":{"line":13,"column":60},"end":{"line":13,"column":null}},"5":{"start":{"line":14,"column":4},"end":{"line":14,"column":null}},"6":{"start":{"line":8,"column":9},"end":{"line":8,"column":33}},"7":{"start":{"line":9,"column":9},"end":{"line":9,"column":31}},"8":{"start":{"line":10,"column":9},"end":{"line":10,"column":69}},"9":{"start":{"line":15,"column":4},"end":{"line":15,"column":77}},"10":{"start":{"line":18,"column":9},"end":{"line":37,"column":null}},"11":{"start":{"line":20,"column":4},"end":{"line":22,"column":null}},"12":{"start":{"line":21,"column":6},"end":{"line":21,"column":34}},"13":{"start":{"line":24,"column":4},"end":{"line":26,"column":null}},"14":{"start":{"line":25,"column":6},"end":{"line":25,"column":128}},"15":{"start":{"line":28,"column":32},"end":{"line":28,"column":36}},"16":{"start":{"line":30,"column":4},"end":{"line":34,"column":null}},"17":{"start":{"line":31,"column":6},"end":{"line":31,"column":52}},"18":{"start":{"line":33,"column":6},"end":{"line":33,"column":70}},"19":{"start":{"line":36,"column":4},"end":{"line":36,"column":25}},"20":{"start":{"line":39,"column":16},"end":{"line":44,"column":null}},"21":{"start":{"line":40,"column":19},"end":{"line":40,"column":61}},"22":{"start":{"line":41,"column":4},"end":{"line":41,"column":23}},"23":{"start":{"line":42,"column":4},"end":{"line":42,"column":33}},"24":{"start":{"line":43,"column":4},"end":{"line":43,"column":18}},"25":{"start":{"line":45,"column":0},"end":{"line":45,"column":null}},"26":{"start":{"line":6,"column":13},"end":{"line":6,"column":25}}},"fnMap":{"0":{"name":"(anonymous_6)","decl":{"start":{"line":6,"column":0},"end":{"line":6,"column":13}},"loc":{"start":{"line":6,"column":0},"end":{"line":45,"column":null}}},"1":{"name":"NumberParser","decl":{"start":{"line":13,"column":2},"end":{"line":13,"column":21}},"loc":{"start":{"line":13,"column":81},"end":{"line":16,"column":3}}},"2":{"name":"(anonymous_8)","decl":{"start":{"line":18,"column":2},"end":{"line":18,"column":9}},"loc":{"start":{"line":18,"column":23},"end":{"line":37,"column":3}}},"3":{"name":"(anonymous_9)","decl":{"start":{"line":39,"column":2},"end":{"line":39,"column":16}},"loc":{"start":{"line":39,"column":100},"end":{"line":44,"column":3}}}},"branchMap":{"0":{"loc":{"start":{"line":13,"column":60},"end":{"line":13,"column":null}},"type":"if","locations":[{"start":{"line":13,"column":60},"end":{"line":13,"column":null}},{"start":{"line":13,"column":60},"end":{"line":13,"column":null}}]},"1":{"loc":{"start":{"line":14,"column":4},"end":{"line":14,"column":24}},"type":"binary-expr","locations":[{"start":{"line":14,"column":4},"end":{"line":14,"column":24}},{"start":{"line":14,"column":24},"end":{"line":14,"column":null}}]},"2":{"loc":{"start":{"line":20,"column":4},"end":{"line":22,"column":null}},"type":"if","locations":[{"start":{"line":20,"column":4},"end":{"line":22,"column":null}},{"start":{"line":20,"column":4},"end":{"line":22,"column":null}}]},"3":{"loc":{"start":{"line":20,"column":8},"end":{"line":20,"column":20}},"type":"binary-expr","locations":[{"start":{"line":20,"column":8},"end":{"line":20,"column":20}},{"start":{"line":20,"column":24},"end":{"line":20,"column":41}}]},"4":{"loc":{"start":{"line":24,"column":4},"end":{"line":26,"column":null}},"type":"if","locations":[{"start":{"line":24,"column":4},"end":{"line":26,"column":null}},{"start":{"line":24,"column":4},"end":{"line":26,"column":null}}]},"5":{"loc":{"start":{"line":24,"column":9},"end":{"line":24,"column":23}},"type":"binary-expr","locations":[{"start":{"line":24,"column":9},"end":{"line":24,"column":23}},{"start":{"line":24,"column":27},"end":{"line":24,"column":41}},{"start":{"line":24,"column":46},"end":{"line":24,"column":64}}]},"6":{"loc":{"start":{"line":30,"column":4},"end":{"line":34,"column":null}},"type":"if","locations":[{"start":{"line":30,"column":4},"end":{"line":34,"column":null}},{"start":{"line":30,"column":4},"end":{"line":34,"column":null}}]}},"s":{"0":2,"1":2,"2":2,"3":2,"4":16,"5":9,"6":9,"7":9,"8":9,"9":9,"10":2,"11":15,"12":4,"13":11,"14":4,"15":7,"16":7,"17":3,"18":4,"19":7,"20":2,"21":1,"22":1,"23":1,"24":1,"25":2,"26":2},"f":{"0":2,"1":9,"2":15,"3":1},"b":{"0":[7,2],"1":[9,9],"2":[4,11],"3":[15,13],"4":[4,7],"5":[11,7,7],"6":[3,4]}}
,"/home/gabrielsc/projects/random-db-populator/src/core/parsers/parser.ts": {"path":"/home/gabrielsc/projects/random-db-populator/src/core/parsers/parser.ts","statementMap":{"0":{"start":{"line":4,"column":0},"end":{"line":4,"column":22}},"1":{"start":{"line":6,"column":28},"end":{"line":6,"column":65}},"2":{"start":{"line":8,"column":9},"end":{"line":11,"column":null}},"3":{"start":{"line":9,"column":18},"end":{"line":9,"column":52}},"4":{"start":{"line":10,"column":4},"end":{"line":10,"column":38}},"5":{"start":{"line":13,"column":9},"end":{"line":15,"column":null}},"6":{"start":{"line":14,"column":4},"end":{"line":14,"column":35}},"7":{"start":{"line":17,"column":9},"end":{"line":20,"column":null}},"8":{"start":{"line":18,"column":18},"end":{"line":18,"column":54}},"9":{"start":{"line":19,"column":4},"end":{"line":19,"column":38}},"10":{"start":{"line":21,"column":0},"end":{"line":21,"column":null}},"11":{"start":{"line":4,"column":22},"end":{"line":4,"column":28}}},"fnMap":{"0":{"name":"(anonymous_0)","decl":{"start":{"line":4,"column":0},"end":{"line":4,"column":22}},"loc":{"start":{"line":4,"column":0},"end":{"line":21,"column":null}}},"1":{"name":"Parser","decl":{"start":{"line":6,"column":2},"end":{"line":6,"column":28}},"loc":{"start":{"line":6,"column":65},"end":{"line":6,"column":69}}},"2":{"name":"(anonymous_2)","decl":{"start":{"line":8,"column":2},"end":{"line":8,"column":9}},"loc":{"start":{"line":8,"column":32},"end":{"line":11,"column":3}}},"3":{"name":"(anonymous_3)","decl":{"start":{"line":13,"column":2},"end":{"line":13,"column":9}},"loc":{"start":{"line":13,"column":2},"end":{"line":15,"column":3}}},"4":{"name":"(anonymous_4)","decl":{"start":{"line":17,"column":2},"end":{"line":17,"column":9}},"loc":{"start":{"line":17,"column":43},"end":{"line":20,"column":3}}}},"branchMap":{},"s":{"0":8,"1":32,"2":8,"3":7,"4":7,"5":8,"6":12,"7":8,"8":1,"9":1,"10":8,"11":8},"f":{"0":8,"1":32,"2":7,"3":12,"4":1},"b":{}}
,"/home/gabrielsc/projects/random-db-populator/src/core/parsers/raw.parser.ts": {"path":"/home/gabrielsc/projects/random-db-populator/src/core/parsers/raw.parser.ts","statementMap":{"0":{"start":{"line":2,"column":0},"end":{"line":2,"column":34}},"1":{"start":{"line":5,"column":0},"end":{"line":5,"column":null}},"2":{"start":{"line":5,"column":31},"end":{"line":5,"column":37}},"3":{"start":{"line":5,"column":0},"end":{"line":5,"column":13}},"4":{"start":{"line":7,"column":9},"end":{"line":7,"column":30}},"5":{"start":{"line":8,"column":9},"end":{"line":8,"column":156}},"6":{"start":{"line":10,"column":9},"end":{"line":21,"column":null}},"7":{"start":{"line":12,"column":4},"end":{"line":14,"column":null}},"8":{"start":{"line":13,"column":6},"end":{"line":13,"column":34}},"9":{"start":{"line":16,"column":4},"end":{"line":18,"column":null}},"10":{"start":{"line":17,"column":6},"end":{"line":17,"column":125}},"11":{"start":{"line":20,"column":4},"end":{"line":20,"column":23}},"12":{"start":{"line":22,"column":0},"end":{"line":22,"column":null}},"13":{"start":{"line":5,"column":13},"end":{"line":5,"column":22}}},"fnMap":{"0":{"name":"(anonymous_6)","decl":{"start":{"line":5,"column":0},"end":{"line":5,"column":13}},"loc":{"start":{"line":5,"column":0},"end":{"line":22,"column":null}}},"1":{"name":"(anonymous_8)","decl":{"start":{"line":10,"column":2},"end":{"line":10,"column":9}},"loc":{"start":{"line":10,"column":23},"end":{"line":21,"column":3}}}},"branchMap":{"0":{"loc":{"start":{"line":5,"column":0},"end":{"line":5,"column":13}},"type":"binary-expr","locations":[{"start":{"line":5,"column":0},"end":{"line":5,"column":13}},{"start":{"line":5,"column":0},"end":{"line":5,"column":13}},{"start":{"line":5,"column":0},"end":{"line":5,"column":13}}]},"1":{"loc":{"start":{"line":12,"column":4},"end":{"line":14,"column":null}},"type":"if","locations":[{"start":{"line":12,"column":4},"end":{"line":14,"column":null}},{"start":{"line":12,"column":4},"end":{"line":14,"column":null}}]},"2":{"loc":{"start":{"line":12,"column":7},"end":{"line":12,"column":19}},"type":"binary-expr","locations":[{"start":{"line":12,"column":7},"end":{"line":12,"column":19}},{"start":{"line":12,"column":23},"end":{"line":12,"column":40}}]},"3":{"loc":{"start":{"line":16,"column":4},"end":{"line":18,"column":null}},"type":"if","locations":[{"start":{"line":16,"column":4},"end":{"line":18,"column":null}},{"start":{"line":16,"column":4},"end":{"line":18,"column":null}}]}},"s":{"0":1,"1":1,"2":1,"3":3,"4":3,"5":3,"6":1,"7":7,"8":2,"9":5,"10":1,"11":4,"12":1,"13":1},"f":{"0":4,"1":7},"b":{"0":[3,3,3],"1":[2,5],"2":[7,6],"3":[1,4]}}
,"/home/gabrielsc/projects/random-db-populator/src/core/parsers/string.parser.ts": {"path":"/home/gabrielsc/projects/random-db-populator/src/core/parsers/string.parser.ts","statementMap":{"0":{"start":{"line":2,"column":0},"end":{"line":2,"column":34}},"1":{"start":{"line":5,"column":0},"end":{"line":5,"column":null}},"2":{"start":{"line":5,"column":34},"end":{"line":5,"column":40}},"3":{"start":{"line":5,"column":0},"end":{"line":5,"column":13}},"4":{"start":{"line":7,"column":9},"end":{"line":7,"column":33}},"5":{"start":{"line":8,"column":9},"end":{"line":8,"column":56}},"6":{"start":{"line":10,"column":9},"end":{"line":22,"column":null}},"7":{"start":{"line":12,"column":4},"end":{"line":21,"column":null}},"8":{"start":{"line":14,"column":6},"end":{"line":16,"column":null}},"9":{"start":{"line":15,"column":8},"end":{"line":15,"column":130}},"10":{"start":{"line":18,"column":6},"end":{"line":18,"column":33}},"11":{"start":{"line":20,"column":6},"end":{"line":20,"column":34}},"12":{"start":{"line":23,"column":0},"end":{"line":23,"column":null}},"13":{"start":{"line":5,"column":13},"end":{"line":5,"column":25}}},"fnMap":{"0":{"name":"(anonymous_6)","decl":{"start":{"line":5,"column":0},"end":{"line":5,"column":13}},"loc":{"start":{"line":5,"column":0},"end":{"line":23,"column":null}}},"1":{"name":"(anonymous_8)","decl":{"start":{"line":10,"column":2},"end":{"line":10,"column":9}},"loc":{"start":{"line":10,"column":23},"end":{"line":22,"column":3}}}},"branchMap":{"0":{"loc":{"start":{"line":5,"column":0},"end":{"line":5,"column":13}},"type":"binary-expr","locations":[{"start":{"line":5,"column":0},"end":{"line":5,"column":13}},{"start":{"line":5,"column":0},"end":{"line":5,"column":13}},{"start":{"line":5,"column":0},"end":{"line":5,"column":13}}]},"1":{"loc":{"start":{"line":12,"column":4},"end":{"line":21,"column":null}},"type":"if","locations":[{"start":{"line":12,"column":4},"end":{"line":21,"column":null}},{"start":{"line":12,"column":4},"end":{"line":21,"column":null}}]},"2":{"loc":{"start":{"line":12,"column":8},"end":{"line":12,"column":19}},"type":"binary-expr","locations":[{"start":{"line":12,"column":8},"end":{"line":12,"column":19}},{"start":{"line":12,"column":23},"end":{"line":12,"column":40}}]},"3":{"loc":{"start":{"line":14,"column":6},"end":{"line":16,"column":null}},"type":"if","locations":[{"start":{"line":14,"column":6},"end":{"line":16,"column":null}},{"start":{"line":14,"column":6},"end":{"line":16,"column":null}}]}},"s":{"0":1,"1":1,"2":1,"3":3,"4":3,"5":3,"6":1,"7":8,"8":6,"9":1,"10":5,"11":2,"12":1,"13":1},"f":{"0":4,"1":8},"b":{"0":[3,3,3],"1":[6,2],"2":[8,7],"3":[1,5]}}
}
