TN:
SF:src/core/database/reserved-words.ts
FN:8,(anonymous_0)
FNF:1
FNH:1
FNDA:16,(anonymous_0)
DA:4,8
DA:5,8
DA:8,8
DA:9,8
DA:10,8
DA:11,8
DA:13,8
DA:18,8
LF:8
LH:8
BRF:0
BRH:0
end_of_record
TN:
SF:src/core/parsers/boolean.parser.ts
FN:5,(anonymous_6)
FN:10,(anonymous_8)
FNF:2
FNH:2
FNDA:3,(anonymous_6)
FNDA:6,(anonymous_8)
DA:2,1
DA:5,2
DA:7,2
DA:8,2
DA:10,1
DA:12,6
DA:13,2
DA:16,4
DA:17,4
DA:19,1
LF:10
LH:10
BRDA:5,0,0,2
BRDA:5,0,1,2
BRDA:5,0,2,2
BRDA:12,1,0,2
BRDA:12,1,1,4
BRDA:12,2,0,6
BRDA:12,2,1,5
BRDA:17,3,0,3
BRDA:17,3,1,1
BRF:9
BRH:9
end_of_record
TN:
SF:src/core/parsers/date.parser.ts
FN:6,(anonymous_7)
FN:11,DateParser
FN:16,(anonymous_9)
FNF:3
FNH:3
FNDA:2,(anonymous_7)
FNDA:10,DateParser
FNDA:10,(anonymous_9)
DA:1,2
DA:4,2
DA:6,2
DA:8,10
DA:11,15
DA:12,10
DA:13,10
DA:16,2
DA:17,10
DA:18,2
DA:21,8
DA:22,6
DA:25,2
DA:26,2
DA:28,2
LF:15
LH:15
BRDA:11,0,0,5
BRDA:11,0,1,5
BRDA:12,1,0,10
BRDA:12,1,1,10
BRDA:17,2,0,2
BRDA:17,2,1,8
BRDA:17,3,0,10
BRDA:17,3,1,9
BRDA:21,4,0,6
BRDA:21,4,1,2
BRF:10
BRH:10
end_of_record
TN:
SF:src/core/parsers/datetime.parser.ts
FN:4,(anonymous_6)
FN:8,DateTimeParser
FNF:2
FNH:2
FNDA:1,(anonymous_6)
FNDA:5,DateTimeParser
DA:2,1
DA:4,1
DA:6,5
DA:8,10
DA:9,5
DA:11,1
LF:6
LH:6
BRDA:8,0,0,5
BRDA:8,0,1,0
BRDA:9,1,0,5
BRDA:9,1,1,0
BRF:4
BRH:2
end_of_record
TN:
SF:src/core/parsers/entity.parser.ts
FN:9,(anonymous_6)
FN:14,(anonymous_8)
FNF:2
FNH:2
FNDA:6,(anonymous_6)
FNDA:4,(anonymous_8)
DA:1,1
DA:3,1
DA:9,5
DA:11,5
DA:12,5
DA:14,1
DA:16,4
DA:17,3
DA:20,1
DA:22,1
LF:10
LH:10
BRDA:9,0,0,5
BRDA:9,0,1,5
BRDA:9,0,2,5
BRDA:16,1,0,3
BRDA:16,1,1,1
BRF:5
BRH:5
end_of_record
TN:
SF:src/core/parsers/int.parser.ts
FN:4,(anonymous_6)
FNF:1
FNH:1
FNDA:5,(anonymous_6)
DA:2,1
DA:4,4
DA:6,4
DA:7,4
DA:8,4
DA:9,1
LF:6
LH:6
BRDA:4,0,0,4
BRDA:4,0,1,4
BRDA:4,0,2,0
BRF:3
BRH:2
end_of_record
TN:
SF:src/core/parsers/number.parser.ts
FN:6,(anonymous_6)
FN:13,NumberParser
FN:18,(anonymous_8)
FN:39,(anonymous_9)
FNF:4
FNH:4
FNDA:2,(anonymous_6)
FNDA:9,NumberParser
FNDA:15,(anonymous_8)
FNDA:1,(anonymous_9)
DA:1,2
DA:3,2
DA:6,2
DA:8,9
DA:9,9
DA:10,9
DA:13,16
DA:14,9
DA:15,9
DA:18,2
DA:20,15
DA:21,4
DA:24,11
DA:25,4
DA:28,7
DA:30,7
DA:31,3
DA:33,4
DA:36,7
DA:39,2
DA:40,1
DA:41,1
DA:42,1
DA:43,1
DA:45,2
LF:25
LH:25
BRDA:13,0,0,7
BRDA:13,0,1,2
BRDA:14,1,0,9
BRDA:14,1,1,9
BRDA:20,2,0,4
BRDA:20,2,1,11
BRDA:20,3,0,15
BRDA:20,3,1,13
BRDA:24,4,0,4
BRDA:24,4,1,7
BRDA:24,5,0,11
BRDA:24,5,1,7
BRDA:24,5,2,7
BRDA:30,6,0,3
BRDA:30,6,1,4
BRF:15
BRH:15
end_of_record
TN:
SF:src/core/parsers/parser.ts
FN:4,(anonymous_0)
FN:6,Parser
FN:8,(anonymous_2)
FN:13,(anonymous_3)
FN:17,(anonymous_4)
FNF:5
FNH:5
FNDA:8,(anonymous_0)
FNDA:32,Parser
FNDA:7,(anonymous_2)
FNDA:12,(anonymous_3)
FNDA:1,(anonymous_4)
DA:4,8
DA:6,32
DA:8,8
DA:9,7
DA:10,7
DA:13,8
DA:14,12
DA:17,8
DA:18,1
DA:19,1
DA:21,8
LF:11
LH:11
BRF:0
BRH:0
end_of_record
TN:
SF:src/core/parsers/raw.parser.ts
FN:5,(anonymous_6)
FN:10,(anonymous_8)
FNF:2
FNH:2
FNDA:4,(anonymous_6)
FNDA:7,(anonymous_8)
DA:2,1
DA:5,3
DA:7,3
DA:8,3
DA:10,1
DA:12,7
DA:13,2
DA:16,5
DA:17,1
DA:20,4
DA:22,1
LF:11
LH:11
BRDA:5,0,0,3
BRDA:5,0,1,3
BRDA:5,0,2,3
BRDA:12,1,0,2
BRDA:12,1,1,5
BRDA:12,2,0,7
BRDA:12,2,1,6
BRDA:16,3,0,1
BRDA:16,3,1,4
BRF:9
BRH:9
end_of_record
TN:
SF:src/core/parsers/string.parser.ts
FN:5,(anonymous_6)
FN:10,(anonymous_8)
FNF:2
FNH:2
FNDA:4,(anonymous_6)
FNDA:8,(anonymous_8)
DA:2,1
DA:5,3
DA:7,3
DA:8,3
DA:10,1
DA:12,8
DA:14,6
DA:15,1
DA:18,5
DA:20,2
DA:23,1
LF:11
LH:11
BRDA:5,0,0,3
BRDA:5,0,1,3
BRDA:5,0,2,3
BRDA:12,1,0,6
BRDA:12,1,1,2
BRDA:12,2,0,8
BRDA:12,2,1,7
BRDA:14,3,0,1
BRDA:14,3,1,5
BRF:9
BRH:9
end_of_record
