TN:
SF:src/core/data/data-row-column.ts
FN:6,(anonymous_0)
FN:10,DataRowColumn
FN:14,(anonymous_2)
FN:18,(anonymous_3)
FN:28,(anonymous_4)
FN:32,(anonymous_5)
FN:33,(anonymous_6)
FNF:7
FNH:5
FNDA:2,(anonymous_0)
FNDA:12,DataRowColumn
FNDA:0,(anonymous_2)
FNDA:12,(anonymous_3)
FNDA:0,(anonymous_4)
FNDA:24,(anonymous_5)
FNDA:44,(anonymous_6)
DA:2,2
DA:6,2
DA:10,12
DA:11,12
DA:14,2
DA:15,0
DA:18,2
DA:19,12
DA:20,12
DA:21,12
DA:23,0
DA:24,0
DA:28,2
DA:29,0
DA:32,24
DA:33,24
DA:34,44
DA:36,24
DA:40,2
LF:19
LH:15
BRF:0
BRH:0
end_of_record
TN:
SF:src/core/data/data-row-parsed.ts
FN:9,(anonymous_0)
FN:17,DataRowParsed
FN:22,(anonymous_2)
FNF:3
FNH:3
FNDA:2,(anonymous_0)
FNDA:4,DataRowParsed
FNDA:24,(anonymous_2)
DA:3,2
DA:9,2
DA:13,4
DA:14,4
DA:17,4
DA:19,4
DA:20,4
DA:22,4
DA:24,24
DA:25,24
DA:27,24
DA:29,24
DA:30,8
DA:34,2
LF:14
LH:14
BRDA:29,0,0,8
BRDA:29,0,1,16
BRF:2
BRH:2
end_of_record
TN:
SF:src/core/data/data-row.ts
FN:8,(anonymous_0)
FN:14,DataRow
FN:25,(anonymous_2)
FN:30,(anonymous_3)
FN:34,(anonymous_4)
FN:38,(anonymous_5)
FN:40,(anonymous_6)
FN:50,(anonymous_7)
FN:51,(anonymous_8)
FNF:9
FNH:4
FNDA:2,(anonymous_0)
FNDA:2,DataRow
FNDA:0,(anonymous_2)
FNDA:0,(anonymous_3)
FNDA:0,(anonymous_4)
FNDA:0,(anonymous_5)
FNDA:0,(anonymous_6)
FNDA:2,(anonymous_7)
FNDA:12,(anonymous_8)
DA:3,2
DA:5,2
DA:8,2
DA:12,2
DA:15,2
DA:16,2
DA:17,2
DA:18,2
DA:20,2
DA:21,2
DA:22,2
DA:25,2
DA:26,0
DA:27,0
DA:30,2
DA:31,0
DA:34,2
DA:35,0
DA:38,2
DA:39,0
DA:40,0
DA:41,0
DA:42,0
DA:44,0
DA:47,0
DA:50,2
DA:51,2
DA:53,12
DA:55,12
DA:56,0
DA:57,0
DA:59,12
DA:60,12
DA:62,0
DA:66,12
DA:67,12
DA:71,2
LF:37
LH:24
BRDA:17,0,0,0
BRDA:17,0,1,2
BRDA:18,1,0,0
BRDA:18,1,1,2
BRDA:55,2,0,0
BRDA:55,2,1,12
BRDA:55,3,0,12
BRDA:55,3,1,0
BRF:8
BRH:4
end_of_record
TN:
SF:src/core/database/column.ts
FN:3,(anonymous_0)
FN:11,Column
FNF:2
FNH:2
FNDA:2,(anonymous_0)
FNDA:12,Column
DA:3,2
DA:12,12
DA:13,12
DA:14,12
DA:15,12
DA:18,2
LF:6
LH:6
BRF:0
BRH:0
end_of_record
TN:
SF:src/core/database/database.ts
FN:11,(anonymous_1)
FN:19,Database
FN:26,(anonymous_3)
FN:31,(anonymous_4)
FN:36,(anonymous_5)
FN:42,(anonymous_6)
FN:47,(anonymous_7)
FN:50,(anonymous_8)
FN:60,(anonymous_9)
FN:66,(anonymous_10)
FN:71,(anonymous_11)
FN:73,(anonymous_12)
FN:85,(anonymous_13)
FN:91,(anonymous_14)
FN:97,(anonymous_15)
FN:109,(anonymous_16)
FN:112,(anonymous_17)
FN:119,(anonymous_18)
FNF:18
FNH:14
FNDA:2,(anonymous_1)
FNDA:2,Database
FNDA:14,(anonymous_3)
FNDA:12,(anonymous_4)
FNDA:2,(anonymous_5)
FNDA:2,(anonymous_6)
FNDA:0,(anonymous_7)
FNDA:0,(anonymous_8)
FNDA:2,(anonymous_9)
FNDA:2,(anonymous_10)
FNDA:2,(anonymous_11)
FNDA:2,(anonymous_12)
FNDA:2,(anonymous_13)
FNDA:2,(anonymous_14)
FNDA:2,(anonymous_15)
FNDA:0,(anonymous_16)
FNDA:0,(anonymous_17)
FNDA:4,(anonymous_18)
DA:2,2
DA:3,2
DA:4,2
DA:5,2
DA:7,2
DA:8,2
DA:9,2
DA:11,2
DA:19,2
DA:20,2
DA:21,2
DA:22,2
DA:23,2
DA:26,2
DA:27,14
DA:28,14
DA:31,2
DA:32,12
DA:33,12
DA:36,2
DA:37,2
DA:38,2
DA:39,2
DA:42,2
DA:43,2
DA:44,2
DA:47,2
DA:49,0
DA:50,0
DA:52,0
DA:53,0
DA:57,0
DA:60,4
DA:61,2
DA:63,2
DA:66,2
DA:67,2
DA:68,2
DA:71,2
DA:72,2
DA:73,2
DA:75,2
DA:76,0
DA:79,2
DA:81,2
DA:85,2
DA:87,2
DA:89,2
DA:91,2
DA:92,2
DA:95,2
DA:97,2
DA:98,2
DA:99,2
DA:101,2
DA:102,0
DA:106,2
DA:109,2
DA:110,0
DA:112,0
DA:113,0
DA:114,0
DA:115,0
DA:119,2
DA:120,4
DA:122,4
DA:124,4
DA:125,2
DA:127,2
DA:128,2
DA:131,4
DA:132,0
DA:135,4
DA:136,4
DA:158,2
LF:75
LH:62
BRDA:52,0,0,0
BRDA:52,0,1,0
BRDA:60,1,0,2
BRDA:60,1,1,0
BRDA:60,2,0,2
BRDA:60,2,1,0
BRDA:75,3,0,0
BRDA:75,3,1,2
BRDA:91,4,0,2
BRDA:91,4,1,0
BRDA:97,5,0,2
BRDA:97,5,1,0
BRDA:101,6,0,0
BRDA:101,6,1,2
BRDA:112,7,0,0
BRDA:112,7,1,0
BRDA:113,8,0,0
BRDA:113,8,1,0
BRDA:124,9,0,2
BRDA:124,9,1,2
BRDA:127,10,0,2
BRDA:127,10,1,0
BRDA:131,11,0,0
BRDA:131,11,1,4
BRF:24
BRH:10
end_of_record
TN:
SF:src/core/database/reserved-words.ts
FN:8,(anonymous_0)
FNF:1
FNH:1
FNDA:20,(anonymous_0)
DA:4,10
DA:5,10
DA:8,10
DA:9,10
DA:10,10
DA:11,10
DA:13,10
DA:18,10
LF:8
LH:8
BRF:0
BRH:0
end_of_record
TN:
SF:src/core/database/table.ts
FN:8,(anonymous_0)
FN:15,Table
FN:13,(anonymous_2)
FN:24,(anonymous_3)
FN:26,(anonymous_4)
FN:34,(anonymous_5)
FN:35,(anonymous_6)
FN:41,(anonymous_7)
FN:50,(anonymous_8)
FN:55,(anonymous_9)
FN:59,(anonymous_10)
FN:66,(anonymous_11)
FNF:12
FNH:10
FNDA:2,(anonymous_0)
FNDA:2,Table
FNDA:2,(anonymous_2)
FNDA:2,(anonymous_3)
FNDA:4,(anonymous_4)
FNDA:24,(anonymous_5)
FNDA:144,(anonymous_6)
FNDA:12,(anonymous_7)
FNDA:4,(anonymous_8)
FNDA:0,(anonymous_9)
FNDA:2,(anonymous_10)
FNDA:0,(anonymous_11)
DA:2,2
DA:4,2
DA:6,2
DA:8,2
DA:13,2
DA:16,2
DA:17,2
DA:18,2
DA:24,8
DA:26,2
DA:27,4
DA:28,4
DA:31,2
DA:34,2
DA:35,24
DA:36,144
DA:38,24
DA:41,2
DA:43,12
DA:44,12
DA:46,12
DA:47,12
DA:50,2
DA:51,4
DA:52,4
DA:55,2
DA:56,0
DA:59,2
DA:60,2
DA:62,2
DA:63,2
DA:66,2
DA:67,0
DA:68,0
DA:70,2
LF:35
LH:32
BRDA:26,0,0,2
BRDA:26,0,1,0
BRDA:35,1,0,24
BRDA:35,1,1,0
BRDA:59,2,0,0
BRDA:59,2,1,2
BRDA:59,3,0,0
BRDA:59,3,1,2
BRF:8
BRH:4
end_of_record
TN:
SF:src/core/parsers/boolean.parser.ts
FN:5,(anonymous_6)
FN:10,(anonymous_8)
FNF:2
FNH:2
FNDA:7,(anonymous_6)
FNDA:8,(anonymous_8)
DA:2,3
DA:5,4
DA:7,4
DA:8,4
DA:10,3
DA:12,8
DA:13,2
DA:16,6
DA:17,6
DA:19,3
LF:10
LH:10
BRDA:5,0,0,4
BRDA:5,0,1,4
BRDA:5,0,2,4
BRDA:12,1,0,2
BRDA:12,1,1,6
BRDA:12,2,0,8
BRDA:12,2,1,7
BRDA:17,3,0,3
BRDA:17,3,1,3
BRF:9
BRH:9
end_of_record
TN:
SF:src/core/parsers/date.parser.ts
FN:6,(anonymous_7)
FN:11,DateParser
FN:16,(anonymous_9)
FNF:3
FNH:3
FNDA:4,(anonymous_7)
FNDA:14,DateParser
FNDA:14,(anonymous_9)
DA:1,4
DA:4,4
DA:6,4
DA:8,14
DA:11,21
DA:12,14
DA:13,14
DA:16,4
DA:17,14
DA:18,2
DA:21,12
DA:22,6
DA:25,6
DA:26,6
DA:28,4
LF:15
LH:15
BRDA:11,0,0,7
BRDA:11,0,1,7
BRDA:12,1,0,14
BRDA:12,1,1,14
BRDA:17,2,0,2
BRDA:17,2,1,12
BRDA:17,3,0,14
BRDA:17,3,1,13
BRDA:21,4,0,6
BRDA:21,4,1,6
BRF:10
BRH:10
end_of_record
TN:
SF:src/core/parsers/datetime.parser.ts
FN:4,(anonymous_6)
FN:8,DateTimeParser
FNF:2
FNH:2
FNDA:3,(anonymous_6)
FNDA:7,DateTimeParser
DA:2,3
DA:4,3
DA:6,7
DA:8,14
DA:9,7
DA:11,3
LF:6
LH:6
BRDA:8,0,0,7
BRDA:8,0,1,0
BRDA:9,1,0,7
BRDA:9,1,1,0
BRF:4
BRH:2
end_of_record
TN:
SF:src/core/parsers/entity.parser.ts
FN:9,(anonymous_6)
FN:14,(anonymous_8)
FNF:2
FNH:2
FNDA:10,(anonymous_6)
FNDA:32,(anonymous_8)
DA:1,3
DA:3,3
DA:9,7
DA:11,7
DA:12,7
DA:14,3
DA:16,32
DA:17,3
DA:20,29
DA:22,3
LF:10
LH:10
BRDA:9,0,0,7
BRDA:9,0,1,7
BRDA:9,0,2,7
BRDA:16,1,0,3
BRDA:16,1,1,29
BRF:5
BRH:5
end_of_record
TN:
SF:src/core/parsers/int.parser.ts
FN:4,(anonymous_6)
FNF:1
FNH:1
FNDA:9,(anonymous_6)
DA:2,3
DA:4,6
DA:6,6
DA:7,6
DA:8,6
DA:9,3
LF:6
LH:6
BRDA:4,0,0,6
BRDA:4,0,1,6
BRDA:4,0,2,0
BRF:3
BRH:2
end_of_record
TN:
SF:src/core/parsers/number.parser.ts
FN:6,(anonymous_6)
FN:13,NumberParser
FN:18,(anonymous_8)
FN:39,(anonymous_9)
FNF:4
FNH:4
FNDA:4,(anonymous_6)
FNDA:13,NumberParser
FNDA:17,(anonymous_8)
FNDA:1,(anonymous_9)
DA:1,4
DA:3,4
DA:6,4
DA:8,13
DA:9,13
DA:10,13
DA:13,24
DA:14,13
DA:15,13
DA:18,4
DA:20,17
DA:21,4
DA:24,13
DA:25,4
DA:28,9
DA:30,9
DA:31,5
DA:33,4
DA:36,9
DA:39,4
DA:40,1
DA:41,1
DA:42,1
DA:43,1
DA:45,4
LF:25
LH:25
BRDA:13,0,0,11
BRDA:13,0,1,2
BRDA:14,1,0,13
BRDA:14,1,1,13
BRDA:20,2,0,4
BRDA:20,2,1,13
BRDA:20,3,0,17
BRDA:20,3,1,15
BRDA:24,4,0,4
BRDA:24,4,1,9
BRDA:24,5,0,13
BRDA:24,5,1,9
BRDA:24,5,2,9
BRDA:30,6,0,5
BRDA:30,6,1,4
BRF:15
BRH:15
end_of_record
TN:
SF:src/core/parsers/parser.ts
FN:4,(anonymous_0)
FN:6,Parser
FN:8,(anonymous_2)
FN:13,(anonymous_3)
FN:17,(anonymous_4)
FNF:5
FNH:5
FNDA:10,(anonymous_0)
FNDA:48,Parser
FNDA:13,(anonymous_2)
FNDA:12,(anonymous_3)
FNDA:29,(anonymous_4)
DA:4,10
DA:6,48
DA:8,10
DA:9,13
DA:10,13
DA:13,10
DA:14,12
DA:17,10
DA:18,29
DA:19,29
DA:21,10
LF:11
LH:11
BRF:0
BRH:0
end_of_record
TN:
SF:src/core/parsers/raw.parser.ts
FN:5,(anonymous_6)
FN:10,(anonymous_8)
FNF:2
FNH:2
FNDA:8,(anonymous_6)
FNDA:9,(anonymous_8)
DA:2,3
DA:5,5
DA:7,5
DA:8,5
DA:10,3
DA:12,9
DA:13,2
DA:16,7
DA:17,1
DA:20,6
DA:22,3
LF:11
LH:11
BRDA:5,0,0,5
BRDA:5,0,1,5
BRDA:5,0,2,5
BRDA:12,1,0,2
BRDA:12,1,1,7
BRDA:12,2,0,9
BRDA:12,2,1,8
BRDA:16,3,0,1
BRDA:16,3,1,6
BRF:9
BRH:9
end_of_record
TN:
SF:src/core/parsers/string.parser.ts
FN:5,(anonymous_6)
FN:10,(anonymous_8)
FNF:2
FNH:2
FNDA:8,(anonymous_6)
FNDA:10,(anonymous_8)
DA:2,3
DA:5,5
DA:7,5
DA:8,5
DA:10,3
DA:12,10
DA:14,8
DA:15,1
DA:18,7
DA:20,2
DA:23,3
LF:11
LH:11
BRDA:5,0,0,5
BRDA:5,0,1,5
BRDA:5,0,2,5
BRDA:12,1,0,8
BRDA:12,1,1,2
BRDA:12,2,0,10
BRDA:12,2,1,9
BRDA:14,3,0,1
BRDA:14,3,1,7
BRF:9
BRH:9
end_of_record
TN:
SF:src/core/query-builder/query-command.enum.ts
FN:2,(anonymous_0)
FNF:1
FNH:1
FNDA:2,(anonymous_0)
DA:2,2
DA:3,2
DA:4,2
DA:5,2
DA:9,2
LF:5
LH:5
BRDA:2,0,0,2
BRDA:2,0,1,2
BRF:2
BRH:2
end_of_record
TN:
SF:src/core/utils/map.ts
FN:6,(anonymous_1)
FN:10,NamedMap
FN:15,(anonymous_3)
FN:19,(anonymous_4)
FN:27,(anonymous_5)
FN:38,(anonymous_6)
FN:51,(anonymous_7)
FN:54,(anonymous_8)
FN:62,(anonymous_9)
FN:63,(anonymous_10)
FN:69,(anonymous_11)
FN:72,(anonymous_12)
FN:79,(anonymous_13)
FNF:13
FNH:11
FNDA:2,(anonymous_1)
FNDA:16,NamedMap
FNDA:118,(anonymous_3)
FNDA:72,(anonymous_4)
FNDA:46,(anonymous_5)
FNDA:0,(anonymous_6)
FNDA:8,(anonymous_7)
FNDA:40,(anonymous_8)
FNDA:6,(anonymous_9)
FNDA:28,(anonymous_10)
FNDA:28,(anonymous_11)
FNDA:168,(anonymous_12)
FNDA:0,(anonymous_13)
DA:1,2
DA:3,2
DA:6,2
DA:11,16
DA:15,2
DA:16,118
DA:19,118
DA:20,72
DA:21,0
DA:23,72
DA:24,72
DA:27,74
DA:28,46
DA:29,0
DA:30,0
DA:31,0
DA:33,0
DA:35,46
DA:38,2
DA:39,0
DA:40,0
DA:41,0
DA:42,0
DA:44,0
DA:46,0
DA:47,0
DA:51,2
DA:52,8
DA:54,8
DA:55,40
DA:58,8
DA:62,6
DA:63,6
DA:64,28
DA:65,28
DA:69,2
DA:70,28
DA:72,28
DA:73,168
DA:76,28
DA:79,2
DA:80,0
DA:81,0
DA:83,2
LF:44
LH:30
BRDA:19,0,0,46
BRDA:19,0,1,26
BRDA:20,1,0,0
BRDA:20,1,1,72
BRDA:20,2,0,72
BRDA:20,2,1,0
BRDA:27,3,0,28
BRDA:27,3,1,18
BRDA:28,4,0,0
BRDA:28,4,1,46
BRDA:29,5,0,0
BRDA:29,5,1,0
BRDA:38,6,0,0
BRDA:38,6,1,0
BRDA:39,7,0,0
BRDA:39,7,1,0
BRDA:40,8,0,0
BRDA:40,8,1,0
BRDA:63,9,0,6
BRDA:63,9,1,0
BRF:20
BRH:8
end_of_record
TN:
SF:src/core/utils/optional.ts
FN:4,(anonymous_0)
FN:10,Optional
FN:14,(anonymous_2)
FN:18,(anonymous_3)
FN:22,(anonymous_4)
FN:26,(anonymous_5)
FN:31,(anonymous_6)
FNF:7
FNH:4
FNDA:2,(anonymous_0)
FNDA:46,Optional
FNDA:0,(anonymous_2)
FNDA:0,(anonymous_3)
FNDA:46,(anonymous_4)
FNDA:0,(anonymous_5)
FNDA:46,(anonymous_6)
DA:4,2
DA:6,46
DA:7,46
DA:10,46
DA:11,46
DA:14,2
DA:15,0
DA:18,2
DA:19,0
DA:22,2
DA:23,46
DA:26,2
DA:27,0
DA:28,0
DA:31,46
DA:32,46
DA:33,0
DA:35,46
DA:37,2
LF:19
LH:14
BRDA:10,0,0,0
BRDA:10,0,1,46
BRDA:31,1,0,0
BRDA:31,1,1,46
BRDA:32,2,0,0
BRDA:32,2,1,46
BRDA:32,3,0,46
BRDA:32,3,1,0
BRF:8
BRH:4
end_of_record
TN:
SF:src/core/value-generator/auto-increment.ts
FN:5,(anonymous_0)
FN:8,AutoIncrement
FN:13,(anonymous_2)
FN:19,(anonymous_3)
FN:24,(anonymous_4)
FNF:5
FNH:1
FNDA:2,(anonymous_0)
FNDA:0,AutoIncrement
FNDA:0,(anonymous_2)
FNDA:0,(anonymous_3)
FNDA:0,(anonymous_4)
DA:2,2
DA:5,2
DA:9,0
DA:13,2
DA:14,0
DA:15,0
DA:19,2
DA:21,0
DA:22,0
DA:24,0
DA:25,0
DA:27,0
DA:28,0
DA:31,2
LF:14
LH:5
BRDA:19,0,0,0
BRDA:19,0,1,0
BRDA:22,1,0,0
BRDA:22,1,1,0
BRF:4
BRH:0
end_of_record
TN:
SF:src/core/value-generator/date.ts
FN:38,(anonymous_1)
FN:41,(anonymous_3)
FN:71,(anonymous_4)
FN:75,(anonymous_5)
FN:92,(anonymous_6)
FN:93,(anonymous_7)
FNF:6
FNH:1
FNDA:2,(anonymous_1)
FNDA:0,(anonymous_3)
FNDA:0,(anonymous_4)
FNDA:0,(anonymous_5)
FNDA:0,(anonymous_6)
FNDA:0,(anonymous_7)
DA:4,2
DA:5,2
DA:7,2
DA:38,2
DA:41,2
DA:42,0
DA:71,2
DA:73,0
DA:75,0
DA:76,0
DA:77,0
DA:78,0
DA:79,0
DA:80,0
DA:81,0
DA:83,0
DA:92,2
DA:93,0
DA:94,0
DA:100,2
LF:20
LH:8
BRDA:71,0,0,0
BRDA:71,0,1,0
BRF:2
BRH:0
end_of_record
TN:
SF:src/core/value-generator/fixed.ts
FN:7,(anonymous_0)
FN:8,(anonymous_1)
FNF:2
FNH:2
FNDA:12,(anonymous_0)
FNDA:12,(anonymous_1)
DA:7,2
DA:8,12
DA:9,12
LF:3
LH:3
BRF:0
BRH:0
end_of_record
TN:
SF:src/core/value-generator/last-value.ts
FN:9,(anonymous_0)
FN:11,(anonymous_1)
FNF:2
FNH:0
FNDA:0,(anonymous_0)
FNDA:0,(anonymous_1)
DA:9,2
DA:11,0
DA:13,0
DA:15,0
DA:16,0
DA:17,0
DA:20,0
DA:21,0
DA:24,0
LF:9
LH:1
BRDA:9,0,0,0
BRDA:9,0,1,0
BRDA:9,1,0,0
BRDA:9,1,1,0
BRDA:15,2,0,0
BRDA:15,2,1,0
BRDA:20,3,0,0
BRDA:20,3,1,0
BRF:8
BRH:0
end_of_record
TN:
SF:src/core/value-generator/random.ts
FN:6,(anonymous_0)
FN:15,(anonymous_2)
FN:16,(anonymous_3)
FN:28,(anonymous_4)
FN:29,(anonymous_5)
FN:38,(anonymous_6)
FN:46,(anonymous_7)
FN:47,(anonymous_8)
FN:56,(anonymous_9)
FN:57,(anonymous_10)
FN:67,(anonymous_11)
FN:68,(anonymous_12)
FN:78,(anonymous_13)
FN:79,(anonymous_14)
FN:89,(anonymous_15)
FN:90,(anonymous_16)
FN:99,(anonymous_17)
FN:100,(anonymous_18)
FN:110,(anonymous_19)
FN:111,(anonymous_20)
FN:121,(anonymous_21)
FN:122,(anonymous_22)
FN:132,(anonymous_23)
FN:133,(anonymous_24)
FN:142,(anonymous_25)
FN:143,(anonymous_26)
FN:152,(anonymous_27)
FN:153,(anonymous_28)
FN:162,(anonymous_29)
FN:163,(anonymous_30)
FN:172,(anonymous_31)
FN:173,(anonymous_32)
FN:182,(anonymous_33)
FN:183,(anonymous_34)
FN:192,(anonymous_35)
FN:193,(anonymous_36)
FN:203,(anonymous_37)
FN:204,(anonymous_38)
FN:213,(anonymous_39)
FN:214,(anonymous_40)
FNF:40
FNH:1
FNDA:2,(anonymous_0)
FNDA:0,(anonymous_2)
FNDA:0,(anonymous_3)
FNDA:0,(anonymous_4)
FNDA:0,(anonymous_5)
FNDA:0,(anonymous_6)
FNDA:0,(anonymous_7)
FNDA:0,(anonymous_8)
FNDA:0,(anonymous_9)
FNDA:0,(anonymous_10)
FNDA:0,(anonymous_11)
FNDA:0,(anonymous_12)
FNDA:0,(anonymous_13)
FNDA:0,(anonymous_14)
FNDA:0,(anonymous_15)
FNDA:0,(anonymous_16)
FNDA:0,(anonymous_17)
FNDA:0,(anonymous_18)
FNDA:0,(anonymous_19)
FNDA:0,(anonymous_20)
FNDA:0,(anonymous_21)
FNDA:0,(anonymous_22)
FNDA:0,(anonymous_23)
FNDA:0,(anonymous_24)
FNDA:0,(anonymous_25)
FNDA:0,(anonymous_26)
FNDA:0,(anonymous_27)
FNDA:0,(anonymous_28)
FNDA:0,(anonymous_29)
FNDA:0,(anonymous_30)
FNDA:0,(anonymous_31)
FNDA:0,(anonymous_32)
FNDA:0,(anonymous_33)
FNDA:0,(anonymous_34)
FNDA:0,(anonymous_35)
FNDA:0,(anonymous_36)
FNDA:0,(anonymous_37)
FNDA:0,(anonymous_38)
FNDA:0,(anonymous_39)
FNDA:0,(anonymous_40)
DA:1,2
DA:3,2
DA:4,2
DA:6,2
DA:8,2
DA:15,2
DA:16,0
DA:17,0
DA:18,0
DA:20,0
DA:28,2
DA:29,0
DA:30,0
DA:38,2
DA:39,0
DA:46,2
DA:47,0
DA:48,0
DA:56,2
DA:57,0
DA:58,0
DA:67,2
DA:68,0
DA:69,0
DA:78,2
DA:79,0
DA:80,0
DA:89,2
DA:90,0
DA:91,0
DA:99,2
DA:100,0
DA:101,0
DA:110,2
DA:111,0
DA:112,0
DA:121,2
DA:122,0
DA:123,0
DA:132,2
DA:133,0
DA:134,0
DA:142,2
DA:143,0
DA:144,0
DA:152,2
DA:153,0
DA:154,0
DA:162,2
DA:163,0
DA:164,0
DA:172,2
DA:173,0
DA:174,0
DA:182,2
DA:183,0
DA:184,0
DA:192,2
DA:193,0
DA:194,0
DA:203,2
DA:204,0
DA:205,0
DA:213,2
DA:214,0
DA:215,0
DA:220,2
LF:67
LH:26
BRDA:15,0,0,0
BRDA:15,0,1,0
BRDA:15,1,0,0
BRDA:15,1,1,0
BRDA:15,2,0,0
BRDA:15,2,1,0
BRDA:17,3,0,0
BRDA:17,3,1,0
BRDA:17,4,0,0
BRDA:17,4,1,0
BRDA:28,5,0,0
BRDA:28,5,1,0
BRDA:67,6,0,0
BRDA:67,6,1,0
BRDA:78,7,0,0
BRDA:78,7,1,0
BRDA:89,8,0,0
BRDA:89,8,1,0
BRDA:99,9,0,0
BRDA:99,9,1,0
BRDA:110,10,0,0
BRDA:110,10,1,0
BRDA:121,11,0,0
BRDA:121,11,1,0
BRDA:132,12,0,0
BRDA:132,12,1,0
BRDA:142,13,0,0
BRDA:142,13,1,0
BRDA:152,14,0,0
BRDA:152,14,1,0
BRDA:162,15,0,0
BRDA:162,15,1,0
BRDA:182,16,0,0
BRDA:182,16,1,0
BRDA:192,17,0,0
BRDA:192,17,1,0
BRDA:213,18,0,0
BRDA:213,18,1,0
BRF:38
BRH:0
end_of_record
TN:
SF:src/impl/mysql.database.ts
FN:12,(anonymous_6)
FN:14,MySQLDatabase
FN:29,(anonymous_8)
FN:33,(anonymous_9)
FN:42,(anonymous_10)
FN:47,(anonymous_11)
FNF:6
FNH:6
FNDA:2,(anonymous_6)
FNDA:1,MySQLDatabase
FNDA:1,(anonymous_8)
FNDA:1,(anonymous_9)
FNDA:1,(anonymous_10)
FNDA:2,(anonymous_11)
DA:1,2
DA:2,2
DA:3,2
DA:4,2
DA:5,2
DA:6,2
DA:7,2
DA:8,2
DA:10,2
DA:12,2
DA:14,1
DA:15,1
DA:16,1
DA:18,1
DA:20,1
DA:21,1
DA:22,1
DA:23,1
DA:24,1
DA:25,1
DA:26,1
DA:29,2
DA:30,1
DA:33,2
DA:34,1
DA:35,1
DA:37,1
DA:39,1
DA:42,2
DA:43,1
DA:45,1
DA:47,1
DA:48,2
DA:51,1
DA:53,1
DA:55,2
LF:36
LH:36
BRDA:18,0,0,1
BRDA:18,0,1,1
BRF:2
BRH:2
end_of_record
TN:
SF:src/impl/postgres.database.ts
FN:12,(anonymous_6)
FN:14,PostgresDatabase
FN:28,(anonymous_8)
FN:32,(anonymous_9)
FN:41,(anonymous_10)
FN:46,(anonymous_11)
FNF:6
FNH:6
FNDA:2,(anonymous_6)
FNDA:1,PostgresDatabase
FNDA:1,(anonymous_8)
FNDA:1,(anonymous_9)
FNDA:1,(anonymous_10)
FNDA:2,(anonymous_11)
DA:1,2
DA:2,2
DA:3,2
DA:4,2
DA:5,2
DA:6,2
DA:7,2
DA:8,2
DA:10,2
DA:12,2
DA:14,1
DA:16,1
DA:17,1
DA:19,1
DA:20,1
DA:21,1
DA:22,1
DA:23,1
DA:24,1
DA:25,1
DA:28,2
DA:29,1
DA:32,2
DA:33,1
DA:34,1
DA:36,1
DA:38,1
DA:41,2
DA:42,1
DA:44,1
DA:46,1
DA:47,2
DA:50,1
DA:52,1
DA:54,2
LF:35
LH:35
BRDA:17,0,0,1
BRDA:17,0,1,1
BRF:2
BRH:2
end_of_record
TN:
SF:src/shortcut/database.ts
FN:1,(anonymous_0)
FN:2,(anonymous_1)
FN:3,(anonymous_2)
FN:4,(anonymous_3)
FN:5,(anonymous_4)
FN:6,(anonymous_5)
FNF:6
FNH:2
FNDA:0,(anonymous_0)
FNDA:0,(anonymous_1)
FNDA:2,(anonymous_2)
FNDA:0,(anonymous_3)
FNDA:1,(anonymous_4)
FNDA:0,(anonymous_5)
DA:1,2
DA:2,2
DA:3,4
DA:4,2
DA:5,3
DA:6,2
LF:6
LH:6
BRF:0
BRH:0
end_of_record
TN:
SF:src/shortcut/value-gen.ts
FN:1,(anonymous_0)
FN:2,(anonymous_1)
FN:3,(anonymous_2)
FN:4,(anonymous_3)
FN:5,(anonymous_4)
FNF:5
FNH:1
FNDA:0,(anonymous_0)
FNDA:0,(anonymous_1)
FNDA:12,(anonymous_2)
FNDA:0,(anonymous_3)
FNDA:0,(anonymous_4)
DA:1,2
DA:2,2
DA:3,14
DA:4,2
DA:5,2
LF:5
LH:5
BRF:0
BRH:0
end_of_record
